{"C:\\Users\\Jarvis\\reconnect-hive\\AlumniConnectMobile\\app\\_layout.tsx": {"path":"C:\\Users\\Jarvis\\reconnect-hive\\AlumniConnectMobile\\app\\_layout.tsx","statementMap":{"0":{"start":{"line":22,"column":0},"end":{"line":22,"column":36}},"1":{"start":{"line":24,"column":33},"end":{"line":26,"column":1}},"2":{"start":{"line":32,"column":2},"end":{"line":39,"column":3}},"3":{"start":{"line":33,"column":4},"end":{"line":36,"column":7}},"4":{"start":{"line":38,"column":4},"end":{"line":38,"column":48}},"5":{"start":{"line":43,"column":22},"end":{"line":43,"column":38}},"6":{"start":{"line":44,"column":38},"end":{"line":44,"column":53}},"7":{"start":{"line":46,"column":2},"end":{"line":67,"column":9}},"8":{"start":{"line":48,"column":6},"end":{"line":58,"column":7}},"9":{"start":{"line":50,"column":8},"end":{"line":50,"column":33}},"10":{"start":{"line":53,"column":8},"end":{"line":53,"column":26}},"11":{"start":{"line":55,"column":8},"end":{"line":55,"column":50}},"12":{"start":{"line":57,"column":8},"end":{"line":57,"column":28}},"13":{"start":{"line":61,"column":4},"end":{"line":61,"column":14}},"14":{"start":{"line":64,"column":4},"end":{"line":66,"column":6}},"15":{"start":{"line":65,"column":6},"end":{"line":65,"column":28}},"16":{"start":{"line":69,"column":2},"end":{"line":73,"column":19}},"17":{"start":{"line":70,"column":4},"end":{"line":72,"column":5}},"18":{"start":{"line":71,"column":6},"end":{"line":71,"column":31}},"19":{"start":{"line":75,"column":2},"end":{"line":77,"column":3}},"20":{"start":{"line":76,"column":4},"end":{"line":76,"column":16}},"21":{"start":{"line":79,"column":2},"end":{"line":165,"column":4}},"22":{"start":{"line":168,"column":15},"end":{"line":172,"column":2}}},"fnMap":{"0":{"name":"loadFonts","decl":{"start":{"line":31,"column":15},"end":{"line":31,"column":24}},"loc":{"start":{"line":31,"column":27},"end":{"line":40,"column":1}},"line":31},"1":{"name":"RootLayout","decl":{"start":{"line":42,"column":24},"end":{"line":42,"column":34}},"loc":{"start":{"line":42,"column":37},"end":{"line":166,"column":1}},"line":42},"2":{"name":"(anonymous_2)","decl":{"start":{"line":46,"column":12},"end":{"line":46,"column":13}},"loc":{"start":{"line":46,"column":18},"end":{"line":67,"column":3}},"line":46},"3":{"name":"prepare","decl":{"start":{"line":47,"column":19},"end":{"line":47,"column":26}},"loc":{"start":{"line":47,"column":29},"end":{"line":59,"column":5}},"line":47},"4":{"name":"(anonymous_4)","decl":{"start":{"line":64,"column":11},"end":{"line":64,"column":12}},"loc":{"start":{"line":64,"column":17},"end":{"line":66,"column":5}},"line":64},"5":{"name":"(anonymous_5)","decl":{"start":{"line":69,"column":12},"end":{"line":69,"column":13}},"loc":{"start":{"line":69,"column":18},"end":{"line":73,"column":3}},"line":69}},"branchMap":{"0":{"loc":{"start":{"line":70,"column":4},"end":{"line":72,"column":5}},"type":"if","locations":[{"start":{"line":70,"column":4},"end":{"line":72,"column":5}},{"start":{},"end":{}}],"line":70},"1":{"loc":{"start":{"line":75,"column":2},"end":{"line":77,"column":3}},"type":"if","locations":[{"start":{"line":75,"column":2},"end":{"line":77,"column":3}},{"start":{},"end":{}}],"line":75},"2":{"loc":{"start":{"line":83,"column":32},"end":{"line":83,"column":81}},"type":"cond-expr","locations":[{"start":{"line":83,"column":57},"end":{"line":83,"column":66}},{"start":{"line":83,"column":69},"end":{"line":83,"column":81}}],"line":83}},"s":{"0":0,"1":0,"2":0,"3":0,"4":0,"5":0,"6":0,"7":0,"8":0,"9":0,"10":0,"11":0,"12":0,"13":0,"14":0,"15":0,"16":0,"17":0,"18":0,"19":0,"20":0,"21":0,"22":0},"f":{"0":0,"1":0,"2":0,"3":0,"4":0,"5":0},"b":{"0":[0,0],"1":[0,0],"2":[0,0]}}
,"C:\\Users\\Jarvis\\reconnect-hive\\AlumniConnectMobile\\app\\modal.tsx": {"path":"C:\\Users\\Jarvis\\reconnect-hive\\AlumniConnectMobile\\app\\modal.tsx","statementMap":{"0":{"start":{"line":8,"column":2},"end":{"line":15,"column":4}},"1":{"start":{"line":18,"column":15},"end":{"line":29,"column":2}}},"fnMap":{"0":{"name":"ModalScreen","decl":{"start":{"line":7,"column":24},"end":{"line":7,"column":35}},"loc":{"start":{"line":7,"column":38},"end":{"line":16,"column":1}},"line":7}},"branchMap":{},"s":{"0":0,"1":0},"f":{"0":0},"b":{}}
,"C:\\Users\\Jarvis\\reconnect-hive\\AlumniConnectMobile\\app\\(tabs)\\_layout.tsx": {"path":"C:\\Users\\Jarvis\\reconnect-hive\\AlumniConnectMobile\\app\\(tabs)\\_layout.tsx","statementMap":{"0":{"start":{"line":17,"column":22},"end":{"line":17,"column":38}},"1":{"start":{"line":18,"column":22},"end":{"line":18,"column":31}},"2":{"start":{"line":19,"column":24},"end":{"line":19,"column":33}},"3":{"start":{"line":21,"column":2},"end":{"line":138,"column":4}},"4":{"start":{"line":42,"column":10},"end":{"line":51,"column":12}},"5":{"start":{"line":61,"column":12},"end":{"line":65,"column":14}},"6":{"start":{"line":76,"column":12},"end":{"line":80,"column":14}},"7":{"start":{"line":91,"column":12},"end":{"line":95,"column":14}},"8":{"start":{"line":106,"column":12},"end":{"line":110,"column":14}},"9":{"start":{"line":121,"column":12},"end":{"line":125,"column":14}}},"fnMap":{"0":{"name":"TabLayout","decl":{"start":{"line":16,"column":24},"end":{"line":16,"column":33}},"loc":{"start":{"line":16,"column":36},"end":{"line":139,"column":1}},"line":16},"1":{"name":"(anonymous_1)","decl":{"start":{"line":41,"column":26},"end":{"line":41,"column":27}},"loc":{"start":{"line":42,"column":10},"end":{"line":51,"column":12}},"line":42},"2":{"name":"(anonymous_2)","decl":{"start":{"line":60,"column":22},"end":{"line":60,"column":23}},"loc":{"start":{"line":61,"column":12},"end":{"line":65,"column":14}},"line":61},"3":{"name":"(anonymous_3)","decl":{"start":{"line":75,"column":22},"end":{"line":75,"column":23}},"loc":{"start":{"line":76,"column":12},"end":{"line":80,"column":14}},"line":76},"4":{"name":"(anonymous_4)","decl":{"start":{"line":90,"column":22},"end":{"line":90,"column":23}},"loc":{"start":{"line":91,"column":12},"end":{"line":95,"column":14}},"line":91},"5":{"name":"(anonymous_5)","decl":{"start":{"line":105,"column":22},"end":{"line":105,"column":23}},"loc":{"start":{"line":106,"column":12},"end":{"line":110,"column":14}},"line":106},"6":{"name":"(anonymous_6)","decl":{"start":{"line":120,"column":22},"end":{"line":120,"column":23}},"loc":{"start":{"line":121,"column":12},"end":{"line":125,"column":14}},"line":121}},"branchMap":{"0":{"loc":{"start":{"line":29,"column":27},"end":{"line":29,"column":73}},"type":"cond-expr","locations":[{"start":{"line":29,"column":52},"end":{"line":29,"column":61}},{"start":{"line":29,"column":64},"end":{"line":29,"column":73}}],"line":29},"1":{"loc":{"start":{"line":31,"column":26},"end":{"line":31,"column":72}},"type":"cond-expr","locations":[{"start":{"line":31,"column":51},"end":{"line":31,"column":60}},{"start":{"line":31,"column":63},"end":{"line":31,"column":72}}],"line":31},"2":{"loc":{"start":{"line":32,"column":25},"end":{"line":32,"column":56}},"type":"cond-expr","locations":[{"start":{"line":32,"column":49},"end":{"line":32,"column":51}},{"start":{"line":32,"column":54},"end":{"line":32,"column":56}}],"line":32},"3":{"loc":{"start":{"line":34,"column":18},"end":{"line":34,"column":49}},"type":"cond-expr","locations":[{"start":{"line":34,"column":42},"end":{"line":34,"column":44}},{"start":{"line":34,"column":47},"end":{"line":34,"column":49}}],"line":34},"4":{"loc":{"start":{"line":63,"column":20},"end":{"line":63,"column":52}},"type":"cond-expr","locations":[{"start":{"line":63,"column":30},"end":{"line":63,"column":42}},{"start":{"line":63,"column":45},"end":{"line":63,"column":52}}],"line":63},"5":{"loc":{"start":{"line":78,"column":20},"end":{"line":78,"column":50}},"type":"cond-expr","locations":[{"start":{"line":78,"column":30},"end":{"line":78,"column":41}},{"start":{"line":78,"column":44},"end":{"line":78,"column":50}}],"line":78},"6":{"loc":{"start":{"line":93,"column":20},"end":{"line":93,"column":58}},"type":"cond-expr","locations":[{"start":{"line":93,"column":30},"end":{"line":93,"column":45}},{"start":{"line":93,"column":48},"end":{"line":93,"column":58}}],"line":93},"7":{"loc":{"start":{"line":108,"column":20},"end":{"line":108,"column":64}},"type":"cond-expr","locations":[{"start":{"line":108,"column":30},"end":{"line":108,"column":51}},{"start":{"line":108,"column":54},"end":{"line":108,"column":64}}],"line":108},"8":{"loc":{"start":{"line":123,"column":20},"end":{"line":123,"column":78}},"type":"cond-expr","locations":[{"start":{"line":123,"column":30},"end":{"line":123,"column":55}},{"start":{"line":123,"column":58},"end":{"line":123,"column":78}}],"line":123}},"s":{"0":0,"1":0,"2":0,"3":0,"4":0,"5":0,"6":0,"7":0,"8":0,"9":0},"f":{"0":0,"1":0,"2":0,"3":0,"4":0,"5":0,"6":0},"b":{"0":[0,0],"1":[0,0],"2":[0,0],"3":[0,0],"4":[0,0],"5":[0,0],"6":[0,0],"7":[0,0],"8":[0,0]},"_coverageSchema":"1a1c01bbd47fc00a2c39e90264f33305004495a9","hash":"cbe598eb5684fce64da6a2701e6114b6e56512a0"}
,"C:\\Users\\Jarvis\\reconnect-hive\\AlumniConnectMobile\\app\\(tabs)\\events.tsx": {"path":"C:\\Users\\Jarvis\\reconnect-hive\\AlumniConnectMobile\\app\\(tabs)\\events.tsx","statementMap":{"0":{"start":{"line":25,"column":17},"end":{"line":25,"column":28}},"1":{"start":{"line":26,"column":40},"end":{"line":26,"column":92}},"2":{"start":{"line":35,"column":6},"end":{"line":50,"column":4}},"3":{"start":{"line":38,"column":30},"end":{"line":43,"column":18}},"4":{"start":{"line":45,"column":6},"end":{"line":45,"column":29}},"5":{"start":{"line":45,"column":17},"end":{"line":45,"column":29}},"6":{"start":{"line":46,"column":6},"end":{"line":46,"column":24}},"7":{"start":{"line":59,"column":6},"end":{"line":79,"column":4}},"8":{"start":{"line":62,"column":19},"end":{"line":62,"column":48}},"9":{"start":{"line":63,"column":6},"end":{"line":63,"column":37}},"10":{"start":{"line":63,"column":27},"end":{"line":63,"column":37}},"11":{"start":{"line":65,"column":30},"end":{"line":72,"column":56}},"12":{"start":{"line":74,"column":6},"end":{"line":74,"column":29}},"13":{"start":{"line":74,"column":17},"end":{"line":74,"column":29}},"14":{"start":{"line":75,"column":6},"end":{"line":75,"column":67}},"15":{"start":{"line":75,"column":35},"end":{"line":75,"column":59}},"16":{"start":{"line":81,"column":27},"end":{"line":84,"column":3}},"17":{"start":{"line":82,"column":4},"end":{"line":82,"column":59}},"18":{"start":{"line":83,"column":4},"end":{"line":83,"column":38}},"19":{"start":{"line":86,"column":24},"end":{"line":93,"column":3}},"20":{"start":{"line":87,"column":4},"end":{"line":87,"column":59}},"21":{"start":{"line":88,"column":4},"end":{"line":92,"column":5}},"22":{"start":{"line":89,"column":6},"end":{"line":89,"column":24}},"23":{"start":{"line":91,"column":6},"end":{"line":91,"column":18}},"24":{"start":{"line":95,"column":21},"end":{"line":102,"column":3}},"25":{"start":{"line":96,"column":17},"end":{"line":96,"column":37}},"26":{"start":{"line":97,"column":4},"end":{"line":101,"column":7}},"27":{"start":{"line":104,"column":21},"end":{"line":111,"column":3}},"28":{"start":{"line":105,"column":17},"end":{"line":105,"column":37}},"29":{"start":{"line":106,"column":4},"end":{"line":110,"column":7}},"30":{"start":{"line":113,"column":26},"end":{"line":161,"column":3}},"31":{"start":{"line":114,"column":4},"end":{"line":160,"column":23}},"32":{"start":{"line":117,"column":21},"end":{"line":117,"column":44}},"33":{"start":{"line":163,"column":24},"end":{"line":163,"column":78}},"34":{"start":{"line":164,"column":20},"end":{"line":164,"column":80}},"35":{"start":{"line":165,"column":16},"end":{"line":165,"column":68}},"36":{"start":{"line":166,"column":23},"end":{"line":166,"column":89}},"37":{"start":{"line":168,"column":2},"end":{"line":268,"column":4}},"38":{"start":{"line":184,"column":12},"end":{"line":184,"column":67}},"39":{"start":{"line":185,"column":12},"end":{"line":185,"column":39}},"40":{"start":{"line":204,"column":12},"end":{"line":204,"column":67}},"41":{"start":{"line":205,"column":12},"end":{"line":205,"column":40}},"42":{"start":{"line":271,"column":15},"end":{"line":449,"column":2}}},"fnMap":{"0":{"name":"EventsScreen","decl":{"start":{"line":24,"column":24},"end":{"line":24,"column":36}},"loc":{"start":{"line":24,"column":39},"end":{"line":269,"column":1}},"line":24},"1":{"name":"(anonymous_1)","decl":{"start":{"line":37,"column":13},"end":{"line":37,"column":14}},"loc":{"start":{"line":37,"column":43},"end":{"line":47,"column":5}},"line":37},"2":{"name":"(anonymous_2)","decl":{"start":{"line":61,"column":13},"end":{"line":61,"column":14}},"loc":{"start":{"line":61,"column":43},"end":{"line":76,"column":5}},"line":61},"3":{"name":"(anonymous_3)","decl":{"start":{"line":75,"column":23},"end":{"line":75,"column":24}},"loc":{"start":{"line":75,"column":35},"end":{"line":75,"column":59}},"line":75},"4":{"name":"(anonymous_4)","decl":{"start":{"line":81,"column":27},"end":{"line":81,"column":28}},"loc":{"start":{"line":81,"column":45},"end":{"line":84,"column":3}},"line":81},"5":{"name":"(anonymous_5)","decl":{"start":{"line":86,"column":24},"end":{"line":86,"column":25}},"loc":{"start":{"line":86,"column":30},"end":{"line":93,"column":3}},"line":86},"6":{"name":"(anonymous_6)","decl":{"start":{"line":95,"column":21},"end":{"line":95,"column":22}},"loc":{"start":{"line":95,"column":45},"end":{"line":102,"column":3}},"line":95},"7":{"name":"(anonymous_7)","decl":{"start":{"line":104,"column":21},"end":{"line":104,"column":22}},"loc":{"start":{"line":104,"column":45},"end":{"line":111,"column":3}},"line":104},"8":{"name":"(anonymous_8)","decl":{"start":{"line":113,"column":26},"end":{"line":113,"column":27}},"loc":{"start":{"line":114,"column":4},"end":{"line":160,"column":23}},"line":114},"9":{"name":"(anonymous_9)","decl":{"start":{"line":117,"column":15},"end":{"line":117,"column":16}},"loc":{"start":{"line":117,"column":21},"end":{"line":117,"column":44}},"line":117},"10":{"name":"(anonymous_10)","decl":{"start":{"line":183,"column":19},"end":{"line":183,"column":20}},"loc":{"start":{"line":183,"column":25},"end":{"line":186,"column":11}},"line":183},"11":{"name":"(anonymous_11)","decl":{"start":{"line":203,"column":19},"end":{"line":203,"column":20}},"loc":{"start":{"line":203,"column":25},"end":{"line":206,"column":11}},"line":203}},"branchMap":{"0":{"loc":{"start":{"line":45,"column":6},"end":{"line":45,"column":29}},"type":"if","locations":[{"start":{"line":45,"column":6},"end":{"line":45,"column":29}},{"start":{},"end":{}}],"line":45},"1":{"loc":{"start":{"line":46,"column":13},"end":{"line":46,"column":23}},"type":"binary-expr","locations":[{"start":{"line":46,"column":13},"end":{"line":46,"column":17}},{"start":{"line":46,"column":21},"end":{"line":46,"column":23}}],"line":46},"2":{"loc":{"start":{"line":63,"column":6},"end":{"line":63,"column":37}},"type":"if","locations":[{"start":{"line":63,"column":6},"end":{"line":63,"column":37}},{"start":{},"end":{}}],"line":63},"3":{"loc":{"start":{"line":74,"column":6},"end":{"line":74,"column":29}},"type":"if","locations":[{"start":{"line":74,"column":6},"end":{"line":74,"column":29}},{"start":{},"end":{}}],"line":74},"4":{"loc":{"start":{"line":75,"column":13},"end":{"line":75,"column":66}},"type":"binary-expr","locations":[{"start":{"line":75,"column":13},"end":{"line":75,"column":60}},{"start":{"line":75,"column":64},"end":{"line":75,"column":66}}],"line":75},"5":{"loc":{"start":{"line":88,"column":4},"end":{"line":92,"column":5}},"type":"if","locations":[{"start":{"line":88,"column":4},"end":{"line":92,"column":5}},{"start":{"line":90,"column":11},"end":{"line":92,"column":5}}],"line":88},"6":{"loc":{"start":{"line":129,"column":9},"end":{"line":133,"column":9}},"type":"binary-expr","locations":[{"start":{"line":129,"column":9},"end":{"line":129,"column":23}},{"start":{"line":130,"column":10},"end":{"line":132,"column":17}}],"line":129},"7":{"loc":{"start":{"line":134,"column":9},"end":{"line":136,"column":9}},"type":"binary-expr","locations":[{"start":{"line":134,"column":9},"end":{"line":134,"column":25}},{"start":{"line":135,"column":10},"end":{"line":135,"column":67}}],"line":134},"8":{"loc":{"start":{"line":137,"column":9},"end":{"line":141,"column":9}},"type":"binary-expr","locations":[{"start":{"line":137,"column":9},"end":{"line":137,"column":26}},{"start":{"line":138,"column":10},"end":{"line":140,"column":17}}],"line":137},"9":{"loc":{"start":{"line":144,"column":11},"end":{"line":146,"column":11}},"type":"binary-expr","locations":[{"start":{"line":144,"column":11},"end":{"line":144,"column":24}},{"start":{"line":145,"column":12},"end":{"line":145,"column":57}}],"line":144},"10":{"loc":{"start":{"line":147,"column":11},"end":{"line":151,"column":11}},"type":"binary-expr","locations":[{"start":{"line":147,"column":11},"end":{"line":147,"column":30}},{"start":{"line":148,"column":12},"end":{"line":150,"column":19}}],"line":147},"11":{"loc":{"start":{"line":149,"column":18},"end":{"line":149,"column":43}},"type":"binary-expr","locations":[{"start":{"line":149,"column":18},"end":{"line":149,"column":38}},{"start":{"line":149,"column":42},"end":{"line":149,"column":43}}],"line":149},"12":{"loc":{"start":{"line":157,"column":11},"end":{"line":157,"column":39}},"type":"binary-expr","locations":[{"start":{"line":157,"column":11},"end":{"line":157,"column":26}},{"start":{"line":157,"column":30},"end":{"line":157,"column":39}}],"line":157},"13":{"loc":{"start":{"line":163,"column":24},"end":{"line":163,"column":78}},"type":"cond-expr","locations":[{"start":{"line":163,"column":53},"end":{"line":163,"column":67}},{"start":{"line":163,"column":70},"end":{"line":163,"column":78}}],"line":163},"14":{"loc":{"start":{"line":164,"column":20},"end":{"line":164,"column":80}},"type":"cond-expr","locations":[{"start":{"line":164,"column":49},"end":{"line":164,"column":66}},{"start":{"line":164,"column":69},"end":{"line":164,"column":80}}],"line":164},"15":{"loc":{"start":{"line":165,"column":16},"end":{"line":165,"column":68}},"type":"cond-expr","locations":[{"start":{"line":165,"column":45},"end":{"line":165,"column":58}},{"start":{"line":165,"column":61},"end":{"line":165,"column":68}}],"line":165},"16":{"loc":{"start":{"line":166,"column":23},"end":{"line":166,"column":89}},"type":"cond-expr","locations":[{"start":{"line":166,"column":52},"end":{"line":166,"column":72}},{"start":{"line":166,"column":75},"end":{"line":166,"column":89}}],"line":166},"17":{"loc":{"start":{"line":181,"column":12},"end":{"line":181,"column":58}},"type":"binary-expr","locations":[{"start":{"line":181,"column":12},"end":{"line":181,"column":38}},{"start":{"line":181,"column":42},"end":{"line":181,"column":58}}],"line":181},"18":{"loc":{"start":{"line":191,"column":14},"end":{"line":191,"column":64}},"type":"binary-expr","locations":[{"start":{"line":191,"column":14},"end":{"line":191,"column":40}},{"start":{"line":191,"column":44},"end":{"line":191,"column":64}}],"line":191},"19":{"loc":{"start":{"line":201,"column":12},"end":{"line":201,"column":59}},"type":"binary-expr","locations":[{"start":{"line":201,"column":12},"end":{"line":201,"column":39}},{"start":{"line":201,"column":43},"end":{"line":201,"column":59}}],"line":201},"20":{"loc":{"start":{"line":211,"column":14},"end":{"line":211,"column":65}},"type":"binary-expr","locations":[{"start":{"line":211,"column":14},"end":{"line":211,"column":41}},{"start":{"line":211,"column":45},"end":{"line":211,"column":65}}],"line":211},"21":{"loc":{"start":{"line":232,"column":9},"end":{"line":236,"column":9}},"type":"binary-expr","locations":[{"start":{"line":232,"column":9},"end":{"line":232,"column":18}},{"start":{"line":232,"column":22},"end":{"line":232,"column":36}},{"start":{"line":233,"column":10},"end":{"line":235,"column":17}}],"line":232},"22":{"loc":{"start":{"line":238,"column":9},"end":{"line":244,"column":9}},"type":"binary-expr","locations":[{"start":{"line":238,"column":9},"end":{"line":238,"column":14}},{"start":{"line":239,"column":10},"end":{"line":243,"column":17}}],"line":238},"23":{"loc":{"start":{"line":246,"column":9},"end":{"line":259,"column":9}},"type":"binary-expr","locations":[{"start":{"line":246,"column":9},"end":{"line":246,"column":22}},{"start":{"line":246,"column":26},"end":{"line":246,"column":52}},{"start":{"line":247,"column":10},"end":{"line":258,"column":17}}],"line":246},"24":{"loc":{"start":{"line":250,"column":15},"end":{"line":250,"column":82}},"type":"cond-expr","locations":[{"start":{"line":250,"column":44},"end":{"line":250,"column":64}},{"start":{"line":250,"column":67},"end":{"line":250,"column":82}}],"line":250},"25":{"loc":{"start":{"line":253,"column":15},"end":{"line":255,"column":56}},"type":"cond-expr","locations":[{"start":{"line":254,"column":18},"end":{"line":254,"column":67}},{"start":{"line":255,"column":18},"end":{"line":255,"column":56}}],"line":253},"26":{"loc":{"start":{"line":261,"column":9},"end":{"line":265,"column":9}},"type":"binary-expr","locations":[{"start":{"line":261,"column":9},"end":{"line":261,"column":22}},{"start":{"line":261,"column":26},"end":{"line":261,"column":50}},{"start":{"line":262,"column":10},"end":{"line":264,"column":17}}],"line":261}},"s":{"0":0,"1":0,"2":0,"3":0,"4":0,"5":0,"6":0,"7":0,"8":0,"9":0,"10":0,"11":0,"12":0,"13":0,"14":0,"15":0,"16":0,"17":0,"18":0,"19":0,"20":0,"21":0,"22":0,"23":0,"24":0,"25":0,"26":0,"27":0,"28":0,"29":0,"30":0,"31":0,"32":0,"33":0,"34":0,"35":0,"36":0,"37":0,"38":0,"39":0,"40":0,"41":0,"42":0},"f":{"0":0,"1":0,"2":0,"3":0,"4":0,"5":0,"6":0,"7":0,"8":0,"9":0,"10":0,"11":0},"b":{"0":[0,0],"1":[0,0],"2":[0,0],"3":[0,0],"4":[0,0],"5":[0,0],"6":[0,0],"7":[0,0],"8":[0,0],"9":[0,0],"10":[0,0],"11":[0,0],"12":[0,0],"13":[0,0],"14":[0,0],"15":[0,0],"16":[0,0],"17":[0,0],"18":[0,0],"19":[0,0],"20":[0,0],"21":[0,0,0],"22":[0,0],"23":[0,0,0],"24":[0,0],"25":[0,0],"26":[0,0,0]}}
,"C:\\Users\\Jarvis\\reconnect-hive\\AlumniConnectMobile\\app\\(tabs)\\explore.tsx": {"path":"C:\\Users\\Jarvis\\reconnect-hive\\AlumniConnectMobile\\app\\(tabs)\\explore.tsx","statementMap":{"0":{"start":{"line":13,"column":2},"end":{"line":98,"column":4}},"1":{"start":{"line":101,"column":15},"end":{"line":112,"column":2}}},"fnMap":{"0":{"name":"TabTwoScreen","decl":{"start":{"line":12,"column":24},"end":{"line":12,"column":36}},"loc":{"start":{"line":12,"column":39},"end":{"line":99,"column":1}},"line":12}},"branchMap":{},"s":{"0":0,"1":0},"f":{"0":0},"b":{}}
,"C:\\Users\\Jarvis\\reconnect-hive\\AlumniConnectMobile\\app\\(tabs)\\index.tsx": {"path":"C:\\Users\\Jarvis\\reconnect-hive\\AlumniConnectMobile\\app\\(tabs)\\index.tsx","statementMap":{"0":{"start":{"line":26,"column":17},"end":{"line":26,"column":28}},"1":{"start":{"line":35,"column":6},"end":{"line":62,"column":4}},"2":{"start":{"line":38,"column":30},"end":{"line":51,"column":18}},"3":{"start":{"line":53,"column":6},"end":{"line":53,"column":29}},"4":{"start":{"line":53,"column":17},"end":{"line":53,"column":29}},"5":{"start":{"line":54,"column":6},"end":{"line":59,"column":16}},"6":{"start":{"line":54,"column":32},"end":{"line":59,"column":7}},"7":{"start":{"line":64,"column":24},"end":{"line":67,"column":3}},"8":{"start":{"line":65,"column":4},"end":{"line":65,"column":59}},"9":{"start":{"line":66,"column":4},"end":{"line":66,"column":14}},"10":{"start":{"line":69,"column":26},"end":{"line":72,"column":3}},"11":{"start":{"line":70,"column":4},"end":{"line":70,"column":59}},"12":{"start":{"line":74,"column":24},"end":{"line":83,"column":3}},"13":{"start":{"line":75,"column":17},"end":{"line":75,"column":37}},"14":{"start":{"line":76,"column":16},"end":{"line":76,"column":26}},"15":{"start":{"line":77,"column":26},"end":{"line":77,"column":77}},"16":{"start":{"line":79,"column":4},"end":{"line":79,"column":46}},"17":{"start":{"line":79,"column":28},"end":{"line":79,"column":46}},"18":{"start":{"line":80,"column":4},"end":{"line":80,"column":78}},"19":{"start":{"line":80,"column":30},"end":{"line":80,"column":78}},"20":{"start":{"line":81,"column":4},"end":{"line":81,"column":81}},"21":{"start":{"line":81,"column":31},"end":{"line":81,"column":81}},"22":{"start":{"line":82,"column":4},"end":{"line":82,"column":55}},"23":{"start":{"line":85,"column":21},"end":{"line":167,"column":3}},"24":{"start":{"line":86,"column":4},"end":{"line":166,"column":23}},"25":{"start":{"line":89,"column":21},"end":{"line":89,"column":42}},"26":{"start":{"line":139,"column":12},"end":{"line":139,"column":32}},"27":{"start":{"line":140,"column":12},"end":{"line":140,"column":67}},"28":{"start":{"line":149,"column":12},"end":{"line":149,"column":32}},"29":{"start":{"line":150,"column":12},"end":{"line":150,"column":67}},"30":{"start":{"line":159,"column":12},"end":{"line":159,"column":32}},"31":{"start":{"line":160,"column":12},"end":{"line":160,"column":67}},"32":{"start":{"line":169,"column":2},"end":{"line":232,"column":4}},"33":{"start":{"line":216,"column":16},"end":{"line":216,"column":71}},"34":{"start":{"line":217,"column":16},"end":{"line":217,"column":49}},"35":{"start":{"line":235,"column":15},"end":{"line":407,"column":2}}},"fnMap":{"0":{"name":"FeedScreen","decl":{"start":{"line":25,"column":24},"end":{"line":25,"column":34}},"loc":{"start":{"line":25,"column":37},"end":{"line":233,"column":1}},"line":25},"1":{"name":"(anonymous_1)","decl":{"start":{"line":37,"column":13},"end":{"line":37,"column":14}},"loc":{"start":{"line":37,"column":42},"end":{"line":60,"column":5}},"line":37},"2":{"name":"(anonymous_2)","decl":{"start":{"line":54,"column":23},"end":{"line":54,"column":24}},"loc":{"start":{"line":54,"column":32},"end":{"line":59,"column":7}},"line":54},"3":{"name":"(anonymous_3)","decl":{"start":{"line":64,"column":24},"end":{"line":64,"column":25}},"loc":{"start":{"line":64,"column":30},"end":{"line":67,"column":3}},"line":64},"4":{"name":"(anonymous_4)","decl":{"start":{"line":69,"column":26},"end":{"line":69,"column":27}},"loc":{"start":{"line":69,"column":42},"end":{"line":72,"column":3}},"line":69},"5":{"name":"(anonymous_5)","decl":{"start":{"line":74,"column":24},"end":{"line":74,"column":25}},"loc":{"start":{"line":74,"column":48},"end":{"line":83,"column":3}},"line":74},"6":{"name":"(anonymous_6)","decl":{"start":{"line":85,"column":21},"end":{"line":85,"column":22}},"loc":{"start":{"line":86,"column":4},"end":{"line":166,"column":23}},"line":86},"7":{"name":"(anonymous_7)","decl":{"start":{"line":89,"column":15},"end":{"line":89,"column":16}},"loc":{"start":{"line":89,"column":21},"end":{"line":89,"column":42}},"line":89},"8":{"name":"(anonymous_8)","decl":{"start":{"line":138,"column":19},"end":{"line":138,"column":20}},"loc":{"start":{"line":138,"column":26},"end":{"line":141,"column":11}},"line":138},"9":{"name":"(anonymous_9)","decl":{"start":{"line":148,"column":19},"end":{"line":148,"column":20}},"loc":{"start":{"line":148,"column":26},"end":{"line":151,"column":11}},"line":148},"10":{"name":"(anonymous_10)","decl":{"start":{"line":158,"column":19},"end":{"line":158,"column":20}},"loc":{"start":{"line":158,"column":26},"end":{"line":161,"column":11}},"line":158},"11":{"name":"(anonymous_11)","decl":{"start":{"line":215,"column":23},"end":{"line":215,"column":24}},"loc":{"start":{"line":215,"column":29},"end":{"line":218,"column":15}},"line":215}},"branchMap":{"0":{"loc":{"start":{"line":53,"column":6},"end":{"line":53,"column":29}},"type":"if","locations":[{"start":{"line":53,"column":6},"end":{"line":53,"column":29}},{"start":{},"end":{}}],"line":53},"1":{"loc":{"start":{"line":54,"column":13},"end":{"line":59,"column":15}},"type":"binary-expr","locations":[{"start":{"line":54,"column":13},"end":{"line":59,"column":9}},{"start":{"line":59,"column":13},"end":{"line":59,"column":15}}],"line":54},"2":{"loc":{"start":{"line":57,"column":24},"end":{"line":57,"column":63}},"type":"binary-expr","locations":[{"start":{"line":57,"column":24},"end":{"line":57,"column":58}},{"start":{"line":57,"column":62},"end":{"line":57,"column":63}}],"line":57},"3":{"loc":{"start":{"line":58,"column":25},"end":{"line":58,"column":65}},"type":"binary-expr","locations":[{"start":{"line":58,"column":25},"end":{"line":58,"column":60}},{"start":{"line":58,"column":64},"end":{"line":58,"column":65}}],"line":58},"4":{"loc":{"start":{"line":79,"column":4},"end":{"line":79,"column":46}},"type":"if","locations":[{"start":{"line":79,"column":4},"end":{"line":79,"column":46}},{"start":{},"end":{}}],"line":79},"5":{"loc":{"start":{"line":80,"column":4},"end":{"line":80,"column":78}},"type":"if","locations":[{"start":{"line":80,"column":4},"end":{"line":80,"column":78}},{"start":{},"end":{}}],"line":80},"6":{"loc":{"start":{"line":81,"column":4},"end":{"line":81,"column":81}},"type":"if","locations":[{"start":{"line":81,"column":4},"end":{"line":81,"column":81}},{"start":{},"end":{}}],"line":81},"7":{"loc":{"start":{"line":95,"column":11},"end":{"line":106,"column":11}},"type":"cond-expr","locations":[{"start":{"line":96,"column":12},"end":{"line":99,"column":14}},{"start":{"line":101,"column":12},"end":{"line":105,"column":19}}],"line":95},"8":{"loc":{"start":{"line":103,"column":17},"end":{"line":103,"column":52}},"type":"binary-expr","locations":[{"start":{"line":103,"column":17},"end":{"line":103,"column":45}},{"start":{"line":103,"column":49},"end":{"line":103,"column":52}}],"line":103},"9":{"loc":{"start":{"line":110,"column":15},"end":{"line":112,"column":39}},"type":"cond-expr","locations":[{"start":{"line":111,"column":18},"end":{"line":111,"column":70}},{"start":{"line":112,"column":18},"end":{"line":112,"column":39}}],"line":110},"10":{"loc":{"start":{"line":110,"column":15},"end":{"line":110,"column":64}},"type":"binary-expr","locations":[{"start":{"line":110,"column":15},"end":{"line":110,"column":38}},{"start":{"line":110,"column":42},"end":{"line":110,"column":64}}],"line":110},"11":{"loc":{"start":{"line":125,"column":9},"end":{"line":131,"column":9}},"type":"binary-expr","locations":[{"start":{"line":125,"column":9},"end":{"line":125,"column":23}},{"start":{"line":126,"column":10},"end":{"line":130,"column":12}}],"line":125},"12":{"loc":{"start":{"line":143,"column":46},"end":{"line":143,"column":71}},"type":"binary-expr","locations":[{"start":{"line":143,"column":46},"end":{"line":143,"column":66}},{"start":{"line":143,"column":70},"end":{"line":143,"column":71}}],"line":143},"13":{"loc":{"start":{"line":153,"column":46},"end":{"line":153,"column":70}},"type":"binary-expr","locations":[{"start":{"line":153,"column":46},"end":{"line":153,"column":65}},{"start":{"line":153,"column":69},"end":{"line":153,"column":70}}],"line":153},"14":{"loc":{"start":{"line":191,"column":9},"end":{"line":195,"column":9}},"type":"binary-expr","locations":[{"start":{"line":191,"column":9},"end":{"line":191,"column":18}},{"start":{"line":191,"column":22},"end":{"line":191,"column":28}},{"start":{"line":192,"column":10},"end":{"line":194,"column":17}}],"line":191},"15":{"loc":{"start":{"line":197,"column":9},"end":{"line":203,"column":9}},"type":"binary-expr","locations":[{"start":{"line":197,"column":9},"end":{"line":197,"column":14}},{"start":{"line":198,"column":10},"end":{"line":202,"column":17}}],"line":197},"16":{"loc":{"start":{"line":205,"column":9},"end":{"line":223,"column":9}},"type":"binary-expr","locations":[{"start":{"line":205,"column":9},"end":{"line":205,"column":14}},{"start":{"line":205,"column":18},"end":{"line":205,"column":36}},{"start":{"line":206,"column":10},"end":{"line":222,"column":17}}],"line":205},"17":{"loc":{"start":{"line":225,"column":9},"end":{"line":229,"column":9}},"type":"binary-expr","locations":[{"start":{"line":225,"column":9},"end":{"line":225,"column":14}},{"start":{"line":225,"column":18},"end":{"line":225,"column":34}},{"start":{"line":226,"column":10},"end":{"line":228,"column":17}}],"line":225}},"s":{"0":0,"1":0,"2":0,"3":0,"4":0,"5":0,"6":0,"7":0,"8":0,"9":0,"10":0,"11":0,"12":0,"13":0,"14":0,"15":0,"16":0,"17":0,"18":0,"19":0,"20":0,"21":0,"22":0,"23":0,"24":0,"25":0,"26":0,"27":0,"28":0,"29":0,"30":0,"31":0,"32":0,"33":0,"34":0,"35":0},"f":{"0":0,"1":0,"2":0,"3":0,"4":0,"5":0,"6":0,"7":0,"8":0,"9":0,"10":0,"11":0},"b":{"0":[0,0],"1":[0,0],"2":[0,0],"3":[0,0],"4":[0,0],"5":[0,0],"6":[0,0],"7":[0,0],"8":[0,0],"9":[0,0],"10":[0,0],"11":[0,0],"12":[0,0],"13":[0,0],"14":[0,0,0],"15":[0,0],"16":[0,0,0],"17":[0,0,0]}}
,"C:\\Users\\Jarvis\\reconnect-hive\\AlumniConnectMobile\\app\\(tabs)\\network.tsx": {"path":"C:\\Users\\Jarvis\\reconnect-hive\\AlumniConnectMobile\\app\\(tabs)\\network.tsx","statementMap":{"0":{"start":{"line":27,"column":17},"end":{"line":27,"column":28}},"1":{"start":{"line":28,"column":40},"end":{"line":28,"column":58}},"2":{"start":{"line":37,"column":6},"end":{"line":51,"column":4}},"3":{"start":{"line":40,"column":30},"end":{"line":45,"column":18}},"4":{"start":{"line":47,"column":6},"end":{"line":47,"column":29}},"5":{"start":{"line":47,"column":17},"end":{"line":47,"column":29}},"6":{"start":{"line":48,"column":6},"end":{"line":48,"column":24}},"7":{"start":{"line":53,"column":29},"end":{"line":56,"column":3}},"8":{"start":{"line":54,"column":4},"end":{"line":54,"column":59}},"9":{"start":{"line":55,"column":4},"end":{"line":55,"column":42}},"10":{"start":{"line":58,"column":24},"end":{"line":61,"column":3}},"11":{"start":{"line":59,"column":4},"end":{"line":59,"column":59}},"12":{"start":{"line":60,"column":4},"end":{"line":60,"column":14}},"13":{"start":{"line":63,"column":30},"end":{"line":67,"column":3}},"14":{"start":{"line":64,"column":4},"end":{"line":66,"column":67}},"15":{"start":{"line":69,"column":31},"end":{"line":117,"column":3}},"16":{"start":{"line":70,"column":4},"end":{"line":116,"column":23}},"17":{"start":{"line":73,"column":21},"end":{"line":73,"column":48}},"18":{"start":{"line":109,"column":10},"end":{"line":109,"column":30}},"19":{"start":{"line":110,"column":10},"end":{"line":110,"column":65}},"20":{"start":{"line":119,"column":2},"end":{"line":194,"column":4}},"21":{"start":{"line":197,"column":15},"end":{"line":362,"column":2}}},"fnMap":{"0":{"name":"NetworkScreen","decl":{"start":{"line":26,"column":24},"end":{"line":26,"column":37}},"loc":{"start":{"line":26,"column":40},"end":{"line":195,"column":1}},"line":26},"1":{"name":"(anonymous_1)","decl":{"start":{"line":39,"column":13},"end":{"line":39,"column":14}},"loc":{"start":{"line":39,"column":45},"end":{"line":49,"column":5}},"line":39},"2":{"name":"(anonymous_2)","decl":{"start":{"line":53,"column":29},"end":{"line":53,"column":30}},"loc":{"start":{"line":53,"column":51},"end":{"line":56,"column":3}},"line":53},"3":{"name":"(anonymous_3)","decl":{"start":{"line":58,"column":24},"end":{"line":58,"column":25}},"loc":{"start":{"line":58,"column":30},"end":{"line":61,"column":3}},"line":58},"4":{"name":"(anonymous_4)","decl":{"start":{"line":63,"column":50},"end":{"line":63,"column":51}},"loc":{"start":{"line":64,"column":4},"end":{"line":66,"column":67}},"line":64},"5":{"name":"(anonymous_5)","decl":{"start":{"line":69,"column":31},"end":{"line":69,"column":32}},"loc":{"start":{"line":70,"column":4},"end":{"line":116,"column":23}},"line":70},"6":{"name":"(anonymous_6)","decl":{"start":{"line":73,"column":15},"end":{"line":73,"column":16}},"loc":{"start":{"line":73,"column":21},"end":{"line":73,"column":48}},"line":73},"7":{"name":"(anonymous_7)","decl":{"start":{"line":108,"column":17},"end":{"line":108,"column":18}},"loc":{"start":{"line":108,"column":24},"end":{"line":112,"column":9}},"line":108}},"branchMap":{"0":{"loc":{"start":{"line":47,"column":6},"end":{"line":47,"column":29}},"type":"if","locations":[{"start":{"line":47,"column":6},"end":{"line":47,"column":29}},{"start":{},"end":{}}],"line":47},"1":{"loc":{"start":{"line":48,"column":13},"end":{"line":48,"column":23}},"type":"binary-expr","locations":[{"start":{"line":48,"column":13},"end":{"line":48,"column":17}},{"start":{"line":48,"column":21},"end":{"line":48,"column":23}}],"line":48},"2":{"loc":{"start":{"line":64,"column":4},"end":{"line":66,"column":67}},"type":"binary-expr","locations":[{"start":{"line":64,"column":4},"end":{"line":64,"column":22}},{"start":{"line":65,"column":4},"end":{"line":65,"column":98}},{"start":{"line":66,"column":4},"end":{"line":66,"column":67}}],"line":64},"3":{"loc":{"start":{"line":77,"column":9},"end":{"line":88,"column":9}},"type":"cond-expr","locations":[{"start":{"line":78,"column":10},"end":{"line":81,"column":12}},{"start":{"line":83,"column":10},"end":{"line":87,"column":17}}],"line":77},"4":{"loc":{"start":{"line":85,"column":15},"end":{"line":85,"column":58}},"type":"binary-expr","locations":[{"start":{"line":85,"column":15},"end":{"line":85,"column":38}},{"start":{"line":85,"column":42},"end":{"line":85,"column":58}}],"line":85},"5":{"loc":{"start":{"line":93,"column":11},"end":{"line":95,"column":27}},"type":"cond-expr","locations":[{"start":{"line":94,"column":14},"end":{"line":94,"column":58}},{"start":{"line":95,"column":14},"end":{"line":95,"column":27}}],"line":93},"6":{"loc":{"start":{"line":93,"column":11},"end":{"line":93,"column":50}},"type":"binary-expr","locations":[{"start":{"line":93,"column":11},"end":{"line":93,"column":29}},{"start":{"line":93,"column":33},"end":{"line":93,"column":50}}],"line":93},"7":{"loc":{"start":{"line":98,"column":9},"end":{"line":102,"column":9}},"type":"binary-expr","locations":[{"start":{"line":98,"column":9},"end":{"line":98,"column":20}},{"start":{"line":99,"column":10},"end":{"line":101,"column":17}}],"line":98},"8":{"loc":{"start":{"line":152,"column":9},"end":{"line":156,"column":9}},"type":"binary-expr","locations":[{"start":{"line":152,"column":9},"end":{"line":152,"column":18}},{"start":{"line":152,"column":22},"end":{"line":152,"column":34}},{"start":{"line":153,"column":10},"end":{"line":155,"column":17}}],"line":152},"9":{"loc":{"start":{"line":158,"column":9},"end":{"line":164,"column":9}},"type":"binary-expr","locations":[{"start":{"line":158,"column":9},"end":{"line":158,"column":14}},{"start":{"line":159,"column":10},"end":{"line":163,"column":17}}],"line":158},"10":{"loc":{"start":{"line":166,"column":9},"end":{"line":179,"column":9}},"type":"binary-expr","locations":[{"start":{"line":166,"column":9},"end":{"line":166,"column":28}},{"start":{"line":166,"column":32},"end":{"line":166,"column":64}},{"start":{"line":167,"column":10},"end":{"line":178,"column":17}}],"line":166},"11":{"loc":{"start":{"line":170,"column":15},"end":{"line":170,"column":67}},"type":"cond-expr","locations":[{"start":{"line":170,"column":29},"end":{"line":170,"column":47}},{"start":{"line":170,"column":50},"end":{"line":170,"column":67}}],"line":170},"12":{"loc":{"start":{"line":173,"column":15},"end":{"line":175,"column":70}},"type":"cond-expr","locations":[{"start":{"line":174,"column":18},"end":{"line":174,"column":61}},{"start":{"line":175,"column":18},"end":{"line":175,"column":70}}],"line":173},"13":{"loc":{"start":{"line":181,"column":9},"end":{"line":191,"column":9}},"type":"binary-expr","locations":[{"start":{"line":181,"column":9},"end":{"line":181,"column":28}},{"start":{"line":181,"column":32},"end":{"line":181,"column":62}},{"start":{"line":182,"column":10},"end":{"line":190,"column":17}}],"line":181},"14":{"loc":{"start":{"line":184,"column":15},"end":{"line":186,"column":72}},"type":"cond-expr","locations":[{"start":{"line":185,"column":18},"end":{"line":185,"column":78}},{"start":{"line":186,"column":18},"end":{"line":186,"column":72}}],"line":184}},"s":{"0":0,"1":0,"2":0,"3":0,"4":0,"5":0,"6":0,"7":0,"8":0,"9":0,"10":0,"11":0,"12":0,"13":0,"14":0,"15":0,"16":0,"17":0,"18":0,"19":0,"20":0,"21":0},"f":{"0":0,"1":0,"2":0,"3":0,"4":0,"5":0,"6":0,"7":0},"b":{"0":[0,0],"1":[0,0],"2":[0,0,0],"3":[0,0],"4":[0,0],"5":[0,0],"6":[0,0],"7":[0,0],"8":[0,0,0],"9":[0,0],"10":[0,0,0],"11":[0,0],"12":[0,0],"13":[0,0,0],"14":[0,0]}}
,"C:\\Users\\Jarvis\\reconnect-hive\\AlumniConnectMobile\\app\\(tabs)\\profile.tsx": {"path":"C:\\Users\\Jarvis\\reconnect-hive\\AlumniConnectMobile\\app\\(tabs)\\profile.tsx","statementMap":{"0":{"start":{"line":27,"column":17},"end":{"line":27,"column":28}},"1":{"start":{"line":28,"column":22},"end":{"line":28,"column":38}},"2":{"start":{"line":37,"column":6},"end":{"line":53,"column":4}},"3":{"start":{"line":40,"column":33},"end":{"line":40,"column":62}},"4":{"start":{"line":41,"column":6},"end":{"line":41,"column":29}},"5":{"start":{"line":41,"column":17},"end":{"line":41,"column":29}},"6":{"start":{"line":43,"column":30},"end":{"line":47,"column":17}},"7":{"start":{"line":49,"column":6},"end":{"line":49,"column":29}},"8":{"start":{"line":49,"column":17},"end":{"line":49,"column":29}},"9":{"start":{"line":50,"column":6},"end":{"line":50,"column":18}},"10":{"start":{"line":56,"column":26},"end":{"line":68,"column":4}},"11":{"start":{"line":58,"column":24},"end":{"line":58,"column":53}},"12":{"start":{"line":59,"column":6},"end":{"line":59,"column":29}},"13":{"start":{"line":59,"column":17},"end":{"line":59,"column":29}},"14":{"start":{"line":62,"column":6},"end":{"line":62,"column":35}},"15":{"start":{"line":66,"column":6},"end":{"line":66,"column":51}},"16":{"start":{"line":70,"column":24},"end":{"line":73,"column":3}},"17":{"start":{"line":71,"column":4},"end":{"line":71,"column":59}},"18":{"start":{"line":72,"column":4},"end":{"line":72,"column":14}},"19":{"start":{"line":75,"column":24},"end":{"line":89,"column":3}},"20":{"start":{"line":76,"column":4},"end":{"line":76,"column":60}},"21":{"start":{"line":77,"column":4},"end":{"line":88,"column":6}},"22":{"start":{"line":85,"column":25},"end":{"line":85,"column":49}},"23":{"start":{"line":91,"column":30},"end":{"line":94,"column":3}},"24":{"start":{"line":92,"column":4},"end":{"line":92,"column":59}},"25":{"start":{"line":93,"column":4},"end":{"line":93,"column":29}},"26":{"start":{"line":96,"column":34},"end":{"line":99,"column":3}},"27":{"start":{"line":97,"column":4},"end":{"line":97,"column":59}},"28":{"start":{"line":98,"column":4},"end":{"line":98,"column":33}},"29":{"start":{"line":101,"column":26},"end":{"line":120,"column":3}},"30":{"start":{"line":107,"column":4},"end":{"line":119,"column":23}},"31":{"start":{"line":122,"column":2},"end":{"line":272,"column":4}},"32":{"start":{"line":190,"column":18},"end":{"line":190,"column":73}},"33":{"start":{"line":234,"column":18},"end":{"line":234,"column":73}},"34":{"start":{"line":235,"column":18},"end":{"line":235,"column":40}},"35":{"start":{"line":243,"column":18},"end":{"line":243,"column":73}},"36":{"start":{"line":252,"column":18},"end":{"line":252,"column":73}},"37":{"start":{"line":275,"column":15},"end":{"line":449,"column":2}}},"fnMap":{"0":{"name":"ProfileScreen","decl":{"start":{"line":26,"column":24},"end":{"line":26,"column":37}},"loc":{"start":{"line":26,"column":40},"end":{"line":273,"column":1}},"line":26},"1":{"name":"(anonymous_1)","decl":{"start":{"line":39,"column":13},"end":{"line":39,"column":14}},"loc":{"start":{"line":39,"column":50},"end":{"line":51,"column":5}},"line":39},"2":{"name":"(anonymous_2)","decl":{"start":{"line":57,"column":16},"end":{"line":57,"column":17}},"loc":{"start":{"line":57,"column":28},"end":{"line":60,"column":5}},"line":57},"3":{"name":"(anonymous_3)","decl":{"start":{"line":61,"column":15},"end":{"line":61,"column":16}},"loc":{"start":{"line":61,"column":21},"end":{"line":64,"column":5}},"line":61},"4":{"name":"(anonymous_4)","decl":{"start":{"line":65,"column":13},"end":{"line":65,"column":14}},"loc":{"start":{"line":65,"column":29},"end":{"line":67,"column":5}},"line":65},"5":{"name":"(anonymous_5)","decl":{"start":{"line":70,"column":24},"end":{"line":70,"column":25}},"loc":{"start":{"line":70,"column":30},"end":{"line":73,"column":3}},"line":70},"6":{"name":"(anonymous_6)","decl":{"start":{"line":75,"column":24},"end":{"line":75,"column":25}},"loc":{"start":{"line":75,"column":30},"end":{"line":89,"column":3}},"line":75},"7":{"name":"(anonymous_7)","decl":{"start":{"line":85,"column":19},"end":{"line":85,"column":20}},"loc":{"start":{"line":85,"column":25},"end":{"line":85,"column":49}},"line":85},"8":{"name":"(anonymous_8)","decl":{"start":{"line":91,"column":30},"end":{"line":91,"column":31}},"loc":{"start":{"line":91,"column":36},"end":{"line":94,"column":3}},"line":91},"9":{"name":"(anonymous_9)","decl":{"start":{"line":96,"column":34},"end":{"line":96,"column":35}},"loc":{"start":{"line":96,"column":40},"end":{"line":99,"column":3}},"line":96},"10":{"name":"(anonymous_10)","decl":{"start":{"line":101,"column":26},"end":{"line":101,"column":27}},"loc":{"start":{"line":107,"column":4},"end":{"line":119,"column":23}},"line":107},"11":{"name":"(anonymous_11)","decl":{"start":{"line":189,"column":25},"end":{"line":189,"column":26}},"loc":{"start":{"line":189,"column":31},"end":{"line":192,"column":17}},"line":189},"12":{"name":"(anonymous_12)","decl":{"start":{"line":233,"column":25},"end":{"line":233,"column":26}},"loc":{"start":{"line":233,"column":31},"end":{"line":236,"column":17}},"line":233},"13":{"name":"(anonymous_13)","decl":{"start":{"line":242,"column":25},"end":{"line":242,"column":26}},"loc":{"start":{"line":242,"column":31},"end":{"line":245,"column":17}},"line":242},"14":{"name":"(anonymous_14)","decl":{"start":{"line":251,"column":25},"end":{"line":251,"column":26}},"loc":{"start":{"line":251,"column":31},"end":{"line":254,"column":17}},"line":251}},"branchMap":{"0":{"loc":{"start":{"line":41,"column":6},"end":{"line":41,"column":29}},"type":"if","locations":[{"start":{"line":41,"column":6},"end":{"line":41,"column":29}},{"start":{},"end":{}}],"line":41},"1":{"loc":{"start":{"line":49,"column":6},"end":{"line":49,"column":29}},"type":"if","locations":[{"start":{"line":49,"column":6},"end":{"line":49,"column":29}},{"start":{},"end":{}}],"line":49},"2":{"loc":{"start":{"line":59,"column":6},"end":{"line":59,"column":29}},"type":"if","locations":[{"start":{"line":59,"column":6},"end":{"line":59,"column":29}},{"start":{},"end":{}}],"line":59},"3":{"loc":{"start":{"line":101,"column":55},"end":{"line":101,"column":72}},"type":"default-arg","locations":[{"start":{"line":101,"column":63},"end":{"line":101,"column":72}}],"line":101},"4":{"loc":{"start":{"line":114,"column":9},"end":{"line":116,"column":9}},"type":"binary-expr","locations":[{"start":{"line":114,"column":9},"end":{"line":114,"column":17}},{"start":{"line":115,"column":10},"end":{"line":115,"column":65}}],"line":114},"5":{"loc":{"start":{"line":141,"column":9},"end":{"line":145,"column":9}},"type":"binary-expr","locations":[{"start":{"line":141,"column":9},"end":{"line":141,"column":18}},{"start":{"line":141,"column":22},"end":{"line":141,"column":30}},{"start":{"line":142,"column":10},"end":{"line":144,"column":17}}],"line":141},"6":{"loc":{"start":{"line":147,"column":9},"end":{"line":153,"column":9}},"type":"binary-expr","locations":[{"start":{"line":147,"column":9},"end":{"line":147,"column":14}},{"start":{"line":148,"column":10},"end":{"line":152,"column":17}}],"line":147},"7":{"loc":{"start":{"line":155,"column":9},"end":{"line":269,"column":9}},"type":"binary-expr","locations":[{"start":{"line":155,"column":9},"end":{"line":155,"column":16}},{"start":{"line":156,"column":10},"end":{"line":268,"column":17}}],"line":155},"8":{"loc":{"start":{"line":160,"column":17},"end":{"line":171,"column":17}},"type":"cond-expr","locations":[{"start":{"line":161,"column":18},"end":{"line":164,"column":20}},{"start":{"line":166,"column":18},"end":{"line":170,"column":25}}],"line":160},"9":{"loc":{"start":{"line":168,"column":23},"end":{"line":168,"column":66}},"type":"binary-expr","locations":[{"start":{"line":168,"column":23},"end":{"line":168,"column":46}},{"start":{"line":168,"column":50},"end":{"line":168,"column":66}}],"line":168},"10":{"loc":{"start":{"line":176,"column":19},"end":{"line":178,"column":45}},"type":"cond-expr","locations":[{"start":{"line":177,"column":22},"end":{"line":177,"column":66}},{"start":{"line":178,"column":22},"end":{"line":178,"column":45}}],"line":176},"11":{"loc":{"start":{"line":176,"column":19},"end":{"line":176,"column":58}},"type":"binary-expr","locations":[{"start":{"line":176,"column":19},"end":{"line":176,"column":37}},{"start":{"line":176,"column":41},"end":{"line":176,"column":58}}],"line":176},"12":{"loc":{"start":{"line":182,"column":17},"end":{"line":184,"column":17}},"type":"binary-expr","locations":[{"start":{"line":182,"column":17},"end":{"line":182,"column":28}},{"start":{"line":183,"column":18},"end":{"line":183,"column":70}}],"line":182},"13":{"loc":{"start":{"line":265,"column":17},"end":{"line":265,"column":74}},"type":"cond-expr","locations":[{"start":{"line":265,"column":45},"end":{"line":265,"column":61}},{"start":{"line":265,"column":64},"end":{"line":265,"column":74}}],"line":265}},"s":{"0":0,"1":0,"2":0,"3":0,"4":0,"5":0,"6":0,"7":0,"8":0,"9":0,"10":0,"11":0,"12":0,"13":0,"14":0,"15":0,"16":0,"17":0,"18":0,"19":0,"20":0,"21":0,"22":0,"23":0,"24":0,"25":0,"26":0,"27":0,"28":0,"29":0,"30":0,"31":0,"32":0,"33":0,"34":0,"35":0,"36":0,"37":0},"f":{"0":0,"1":0,"2":0,"3":0,"4":0,"5":0,"6":0,"7":0,"8":0,"9":0,"10":0,"11":0,"12":0,"13":0,"14":0},"b":{"0":[0,0],"1":[0,0],"2":[0,0],"3":[0],"4":[0,0],"5":[0,0,0],"6":[0,0],"7":[0,0],"8":[0,0],"9":[0,0],"10":[0,0],"11":[0,0],"12":[0,0],"13":[0,0]}}
,"C:\\Users\\Jarvis\\reconnect-hive\\AlumniConnectMobile\\app\\(tabs)\\yearbooks.tsx": {"path":"C:\\Users\\Jarvis\\reconnect-hive\\AlumniConnectMobile\\app\\(tabs)\\yearbooks.tsx","statementMap":{"0":{"start":{"line":26,"column":17},"end":{"line":26,"column":28}},"1":{"start":{"line":35,"column":6},"end":{"line":55,"column":4}},"2":{"start":{"line":38,"column":30},"end":{"line":49,"column":50}},"3":{"start":{"line":51,"column":6},"end":{"line":51,"column":29}},"4":{"start":{"line":51,"column":17},"end":{"line":51,"column":29}},"5":{"start":{"line":52,"column":6},"end":{"line":52,"column":24}},"6":{"start":{"line":57,"column":30},"end":{"line":60,"column":3}},"7":{"start":{"line":58,"column":4},"end":{"line":58,"column":59}},"8":{"start":{"line":59,"column":4},"end":{"line":59,"column":44}},"9":{"start":{"line":62,"column":24},"end":{"line":65,"column":3}},"10":{"start":{"line":63,"column":4},"end":{"line":63,"column":59}},"11":{"start":{"line":64,"column":4},"end":{"line":64,"column":14}},"12":{"start":{"line":67,"column":29},"end":{"line":103,"column":3}},"13":{"start":{"line":68,"column":4},"end":{"line":102,"column":23}},"14":{"start":{"line":71,"column":21},"end":{"line":71,"column":50}},"15":{"start":{"line":105,"column":2},"end":{"line":158,"column":4}},"16":{"start":{"line":161,"column":15},"end":{"line":301,"column":2}}},"fnMap":{"0":{"name":"YearbooksScreen","decl":{"start":{"line":25,"column":24},"end":{"line":25,"column":39}},"loc":{"start":{"line":25,"column":42},"end":{"line":159,"column":1}},"line":25},"1":{"name":"(anonymous_1)","decl":{"start":{"line":37,"column":13},"end":{"line":37,"column":14}},"loc":{"start":{"line":37,"column":46},"end":{"line":53,"column":5}},"line":37},"2":{"name":"(anonymous_2)","decl":{"start":{"line":57,"column":30},"end":{"line":57,"column":31}},"loc":{"start":{"line":57,"column":54},"end":{"line":60,"column":3}},"line":57},"3":{"name":"(anonymous_3)","decl":{"start":{"line":62,"column":24},"end":{"line":62,"column":25}},"loc":{"start":{"line":62,"column":30},"end":{"line":65,"column":3}},"line":62},"4":{"name":"(anonymous_4)","decl":{"start":{"line":67,"column":29},"end":{"line":67,"column":30}},"loc":{"start":{"line":68,"column":4},"end":{"line":102,"column":23}},"line":68},"5":{"name":"(anonymous_5)","decl":{"start":{"line":71,"column":15},"end":{"line":71,"column":16}},"loc":{"start":{"line":71,"column":21},"end":{"line":71,"column":50}},"line":71}},"branchMap":{"0":{"loc":{"start":{"line":51,"column":6},"end":{"line":51,"column":29}},"type":"if","locations":[{"start":{"line":51,"column":6},"end":{"line":51,"column":29}},{"start":{},"end":{}}],"line":51},"1":{"loc":{"start":{"line":52,"column":13},"end":{"line":52,"column":23}},"type":"binary-expr","locations":[{"start":{"line":52,"column":13},"end":{"line":52,"column":17}},{"start":{"line":52,"column":21},"end":{"line":52,"column":23}}],"line":52},"2":{"loc":{"start":{"line":75,"column":9},"end":{"line":85,"column":9}},"type":"cond-expr","locations":[{"start":{"line":76,"column":10},"end":{"line":80,"column":12}},{"start":{"line":82,"column":10},"end":{"line":84,"column":17}}],"line":75},"3":{"loc":{"start":{"line":127,"column":9},"end":{"line":131,"column":9}},"type":"binary-expr","locations":[{"start":{"line":127,"column":9},"end":{"line":127,"column":18}},{"start":{"line":127,"column":22},"end":{"line":127,"column":32}},{"start":{"line":128,"column":10},"end":{"line":130,"column":17}}],"line":127},"4":{"loc":{"start":{"line":133,"column":9},"end":{"line":139,"column":9}},"type":"binary-expr","locations":[{"start":{"line":133,"column":9},"end":{"line":133,"column":14}},{"start":{"line":134,"column":10},"end":{"line":138,"column":17}}],"line":133},"5":{"loc":{"start":{"line":141,"column":9},"end":{"line":149,"column":9}},"type":"binary-expr","locations":[{"start":{"line":141,"column":9},"end":{"line":141,"column":18}},{"start":{"line":141,"column":22},"end":{"line":141,"column":44}},{"start":{"line":142,"column":10},"end":{"line":148,"column":17}}],"line":141},"6":{"loc":{"start":{"line":151,"column":9},"end":{"line":155,"column":9}},"type":"binary-expr","locations":[{"start":{"line":151,"column":9},"end":{"line":151,"column":18}},{"start":{"line":151,"column":22},"end":{"line":151,"column":42}},{"start":{"line":152,"column":10},"end":{"line":154,"column":17}}],"line":151}},"s":{"0":0,"1":0,"2":0,"3":0,"4":0,"5":0,"6":0,"7":0,"8":0,"9":0,"10":0,"11":0,"12":0,"13":0,"14":0,"15":0,"16":0},"f":{"0":0,"1":0,"2":0,"3":0,"4":0,"5":0},"b":{"0":[0,0],"1":[0,0],"2":[0,0],"3":[0,0,0],"4":[0,0],"5":[0,0,0],"6":[0,0,0]}}
,"C:\\Users\\Jarvis\\reconnect-hive\\AlumniConnectMobile\\app\\yearbook\\[id].tsx": {"path":"C:\\Users\\Jarvis\\reconnect-hive\\AlumniConnectMobile\\app\\yearbook\\[id].tsx","statementMap":{"0":{"start":{"line":12,"column":28},"end":{"line":14,"column":1}},"1":{"start":{"line":13,"column":2},"end":{"line":13,"column":57}},"2":{"start":{"line":18,"column":2},"end":{"line":23,"column":4}},"3":{"start":{"line":27,"column":17},"end":{"line":27,"column":55}},"4":{"start":{"line":29,"column":2},"end":{"line":31,"column":3}},"5":{"start":{"line":30,"column":4},"end":{"line":30,"column":16}},"6":{"start":{"line":33,"column":2},"end":{"line":44,"column":4}},"7":{"start":{"line":40,"column":10},"end":{"line":40,"column":48}}},"fnMap":{"0":{"name":"(anonymous_0)","decl":{"start":{"line":12,"column":39},"end":{"line":12,"column":40}},"loc":{"start":{"line":13,"column":2},"end":{"line":13,"column":57}},"line":13},"1":{"name":"YearbookLoading","decl":{"start":{"line":17,"column":9},"end":{"line":17,"column":24}},"loc":{"start":{"line":17,"column":27},"end":{"line":24,"column":1}},"line":17},"2":{"name":"YearbookDetailScreen","decl":{"start":{"line":26,"column":24},"end":{"line":26,"column":44}},"loc":{"start":{"line":26,"column":47},"end":{"line":45,"column":1}},"line":26},"3":{"name":"(anonymous_3)","decl":{"start":{"line":38,"column":22},"end":{"line":38,"column":23}},"loc":{"start":{"line":38,"column":32},"end":{"line":41,"column":9}},"line":38}},"branchMap":{"0":{"loc":{"start":{"line":29,"column":2},"end":{"line":31,"column":3}},"type":"if","locations":[{"start":{"line":29,"column":2},"end":{"line":31,"column":3}},{"start":{},"end":{}}],"line":29}},"s":{"0":0,"1":0,"2":0,"3":0,"4":0,"5":0,"6":0,"7":0},"f":{"0":0,"1":0,"2":0,"3":0},"b":{"0":[0,0]}}
,"C:\\Users\\Jarvis\\reconnect-hive\\AlumniConnectMobile\\components\\external-link.tsx": {"path":"C:\\Users\\Jarvis\\reconnect-hive\\AlumniConnectMobile\\components\\external-link.tsx","statementMap":{"0":{"start":{"line":8,"column":2},"end":{"line":24,"column":4}},"1":{"start":{"line":14,"column":8},"end":{"line":21,"column":9}},"2":{"start":{"line":16,"column":10},"end":{"line":16,"column":33}},"3":{"start":{"line":18,"column":10},"end":{"line":20,"column":13}}},"fnMap":{"0":{"name":"ExternalLink","decl":{"start":{"line":7,"column":16},"end":{"line":7,"column":28}},"loc":{"start":{"line":7,"column":55},"end":{"line":25,"column":1}},"line":7},"1":{"name":"(anonymous_1)","decl":{"start":{"line":13,"column":15},"end":{"line":13,"column":16}},"loc":{"start":{"line":13,"column":32},"end":{"line":22,"column":7}},"line":13}},"branchMap":{"0":{"loc":{"start":{"line":14,"column":8},"end":{"line":21,"column":9}},"type":"if","locations":[{"start":{"line":14,"column":8},"end":{"line":21,"column":9}},{"start":{},"end":{}}],"line":14}},"s":{"0":0,"1":0,"2":0,"3":0},"f":{"0":0,"1":0},"b":{"0":[0,0]}}
,"C:\\Users\\Jarvis\\reconnect-hive\\AlumniConnectMobile\\components\\haptic-tab.tsx": {"path":"C:\\Users\\Jarvis\\reconnect-hive\\AlumniConnectMobile\\components\\haptic-tab.tsx","statementMap":{"0":{"start":{"line":6,"column":2},"end":{"line":17,"column":4}},"1":{"start":{"line":10,"column":8},"end":{"line":13,"column":9}},"2":{"start":{"line":12,"column":10},"end":{"line":12,"column":65}},"3":{"start":{"line":14,"column":8},"end":{"line":14,"column":30}}},"fnMap":{"0":{"name":"HapticTab","decl":{"start":{"line":5,"column":16},"end":{"line":5,"column":25}},"loc":{"start":{"line":5,"column":58},"end":{"line":18,"column":1}},"line":5},"1":{"name":"(anonymous_1)","decl":{"start":{"line":9,"column":17},"end":{"line":9,"column":18}},"loc":{"start":{"line":9,"column":25},"end":{"line":15,"column":7}},"line":9}},"branchMap":{"0":{"loc":{"start":{"line":10,"column":8},"end":{"line":13,"column":9}},"type":"if","locations":[{"start":{"line":10,"column":8},"end":{"line":13,"column":9}},{"start":{},"end":{}}],"line":10}},"s":{"0":0,"1":0,"2":0,"3":0},"f":{"0":0,"1":0},"b":{"0":[0,0]}}
,"C:\\Users\\Jarvis\\reconnect-hive\\AlumniConnectMobile\\components\\hello-wave.tsx": {"path":"C:\\Users\\Jarvis\\reconnect-hive\\AlumniConnectMobile\\components\\hello-wave.tsx","statementMap":{"0":{"start":{"line":4,"column":2},"end":{"line":18,"column":4}}},"fnMap":{"0":{"name":"HelloWave","decl":{"start":{"line":3,"column":16},"end":{"line":3,"column":25}},"loc":{"start":{"line":3,"column":28},"end":{"line":19,"column":1}},"line":3}},"branchMap":{},"s":{"0":0},"f":{"0":0},"b":{}}
,"C:\\Users\\Jarvis\\reconnect-hive\\AlumniConnectMobile\\components\\parallax-scroll-view.tsx": {"path":"C:\\Users\\Jarvis\\reconnect-hive\\AlumniConnectMobile\\components\\parallax-scroll-view.tsx","statementMap":{"0":{"start":{"line":14,"column":22},"end":{"line":14,"column":25}},"1":{"start":{"line":26,"column":26},"end":{"line":26,"column":57}},"2":{"start":{"line":27,"column":22},"end":{"line":27,"column":49}},"3":{"start":{"line":28,"column":20},"end":{"line":28,"column":57}},"4":{"start":{"line":29,"column":23},"end":{"line":29,"column":49}},"5":{"start":{"line":30,"column":30},"end":{"line":45,"column":4}},"6":{"start":{"line":31,"column":4},"end":{"line":44,"column":6}},"7":{"start":{"line":47,"column":2},"end":{"line":62,"column":4}},"8":{"start":{"line":65,"column":15},"end":{"line":79,"column":2}}},"fnMap":{"0":{"name":"ParallaxScrollView","decl":{"start":{"line":21,"column":24},"end":{"line":21,"column":42}},"loc":{"start":{"line":25,"column":10},"end":{"line":63,"column":1}},"line":25},"1":{"name":"(anonymous_1)","decl":{"start":{"line":30,"column":47},"end":{"line":30,"column":48}},"loc":{"start":{"line":30,"column":53},"end":{"line":45,"column":3}},"line":30}},"branchMap":{"0":{"loc":{"start":{"line":27,"column":22},"end":{"line":27,"column":49}},"type":"binary-expr","locations":[{"start":{"line":27,"column":22},"end":{"line":27,"column":38}},{"start":{"line":27,"column":42},"end":{"line":27,"column":49}}],"line":27}},"s":{"0":0,"1":0,"2":0,"3":0,"4":0,"5":0,"6":0,"7":0,"8":0},"f":{"0":0,"1":0},"b":{"0":[0,0]}}
,"C:\\Users\\Jarvis\\reconnect-hive\\AlumniConnectMobile\\components\\themed-text.tsx": {"path":"C:\\Users\\Jarvis\\reconnect-hive\\AlumniConnectMobile\\components\\themed-text.tsx","statementMap":{"0":{"start":{"line":18,"column":16},"end":{"line":18,"column":77}},"1":{"start":{"line":20,"column":2},"end":{"line":33,"column":4}},"2":{"start":{"line":36,"column":15},"end":{"line":60,"column":2}}},"fnMap":{"0":{"name":"ThemedText","decl":{"start":{"line":11,"column":16},"end":{"line":11,"column":26}},"loc":{"start":{"line":17,"column":20},"end":{"line":34,"column":1}},"line":17}},"branchMap":{"0":{"loc":{"start":{"line":15,"column":2},"end":{"line":15,"column":18}},"type":"default-arg","locations":[{"start":{"line":15,"column":9},"end":{"line":15,"column":18}}],"line":15},"1":{"loc":{"start":{"line":24,"column":8},"end":{"line":24,"column":55}},"type":"cond-expr","locations":[{"start":{"line":24,"column":29},"end":{"line":24,"column":43}},{"start":{"line":24,"column":46},"end":{"line":24,"column":55}}],"line":24},"2":{"loc":{"start":{"line":25,"column":8},"end":{"line":25,"column":51}},"type":"cond-expr","locations":[{"start":{"line":25,"column":27},"end":{"line":25,"column":39}},{"start":{"line":25,"column":42},"end":{"line":25,"column":51}}],"line":25},"3":{"loc":{"start":{"line":26,"column":8},"end":{"line":26,"column":71}},"type":"cond-expr","locations":[{"start":{"line":26,"column":37},"end":{"line":26,"column":59}},{"start":{"line":26,"column":62},"end":{"line":26,"column":71}}],"line":26},"4":{"loc":{"start":{"line":27,"column":8},"end":{"line":27,"column":57}},"type":"cond-expr","locations":[{"start":{"line":27,"column":30},"end":{"line":27,"column":45}},{"start":{"line":27,"column":48},"end":{"line":27,"column":57}}],"line":27},"5":{"loc":{"start":{"line":28,"column":8},"end":{"line":28,"column":49}},"type":"cond-expr","locations":[{"start":{"line":28,"column":26},"end":{"line":28,"column":37}},{"start":{"line":28,"column":40},"end":{"line":28,"column":49}}],"line":28}},"s":{"0":0,"1":0,"2":0},"f":{"0":0},"b":{"0":[0],"1":[0,0],"2":[0,0],"3":[0,0],"4":[0,0],"5":[0,0]}}
,"C:\\Users\\Jarvis\\reconnect-hive\\AlumniConnectMobile\\components\\themed-view.tsx": {"path":"C:\\Users\\Jarvis\\reconnect-hive\\AlumniConnectMobile\\components\\themed-view.tsx","statementMap":{"0":{"start":{"line":11,"column":26},"end":{"line":11,"column":93}},"1":{"start":{"line":13,"column":2},"end":{"line":13,"column":71}}},"fnMap":{"0":{"name":"ThemedView","decl":{"start":{"line":10,"column":16},"end":{"line":10,"column":26}},"loc":{"start":{"line":10,"column":93},"end":{"line":14,"column":1}},"line":10}},"branchMap":{},"s":{"0":0,"1":0},"f":{"0":0},"b":{}}
,"C:\\Users\\Jarvis\\reconnect-hive\\AlumniConnectMobile\\components\\auth\\AuthProvider.tsx": {"path":"C:\\Users\\Jarvis\\reconnect-hive\\AlumniConnectMobile\\components\\auth\\AuthProvider.tsx","statementMap":{"0":{"start":{"line":21,"column":20},"end":{"line":21,"column":73}},"1":{"start":{"line":24,"column":18},"end":{"line":24,"column":41}},"2":{"start":{"line":25,"column":2},"end":{"line":27,"column":3}},"3":{"start":{"line":26,"column":4},"end":{"line":26,"column":67}},"4":{"start":{"line":28,"column":2},"end":{"line":28,"column":17}},"5":{"start":{"line":36,"column":26},"end":{"line":36,"column":53}},"6":{"start":{"line":37,"column":32},"end":{"line":37,"column":62}},"7":{"start":{"line":38,"column":32},"end":{"line":38,"column":46}},"8":{"start":{"line":40,"column":2},"end":{"line":71,"column":9}},"9":{"start":{"line":42,"column":4},"end":{"line":50,"column":7}},"10":{"start":{"line":43,"column":6},"end":{"line":48,"column":7}},"11":{"start":{"line":44,"column":8},"end":{"line":44,"column":55}},"12":{"start":{"line":46,"column":8},"end":{"line":46,"column":28}},"13":{"start":{"line":47,"column":8},"end":{"line":47,"column":39}},"14":{"start":{"line":49,"column":6},"end":{"line":49,"column":24}},"15":{"start":{"line":55,"column":8},"end":{"line":68,"column":6}},"16":{"start":{"line":56,"column":6},"end":{"line":56,"column":26}},"17":{"start":{"line":57,"column":6},"end":{"line":57,"column":37}},"18":{"start":{"line":59,"column":6},"end":{"line":65,"column":7}},"19":{"start":{"line":61,"column":8},"end":{"line":61,"column":48}},"20":{"start":{"line":64,"column":8},"end":{"line":64,"column":37}},"21":{"start":{"line":67,"column":6},"end":{"line":67,"column":24}},"22":{"start":{"line":70,"column":4},"end":{"line":70,"column":44}},"23":{"start":{"line":70,"column":17},"end":{"line":70,"column":43}},"24":{"start":{"line":73,"column":17},"end":{"line":84,"column":3}},"25":{"start":{"line":74,"column":4},"end":{"line":74,"column":21}},"26":{"start":{"line":75,"column":4},"end":{"line":83,"column":5}},"27":{"start":{"line":76,"column":24},"end":{"line":79,"column":8}},"28":{"start":{"line":80,"column":6},"end":{"line":80,"column":23}},"29":{"start":{"line":82,"column":6},"end":{"line":82,"column":24}},"30":{"start":{"line":86,"column":17},"end":{"line":97,"column":3}},"31":{"start":{"line":87,"column":4},"end":{"line":87,"column":21}},"32":{"start":{"line":88,"column":4},"end":{"line":96,"column":5}},"33":{"start":{"line":89,"column":24},"end":{"line":92,"column":8}},"34":{"start":{"line":93,"column":6},"end":{"line":93,"column":23}},"35":{"start":{"line":95,"column":6},"end":{"line":95,"column":24}},"36":{"start":{"line":99,"column":18},"end":{"line":107,"column":3}},"37":{"start":{"line":100,"column":4},"end":{"line":100,"column":21}},"38":{"start":{"line":101,"column":4},"end":{"line":106,"column":5}},"39":{"start":{"line":102,"column":24},"end":{"line":102,"column":53}},"40":{"start":{"line":103,"column":6},"end":{"line":103,"column":23}},"41":{"start":{"line":105,"column":6},"end":{"line":105,"column":24}},"42":{"start":{"line":109,"column":24},"end":{"line":114,"column":3}},"43":{"start":{"line":110,"column":22},"end":{"line":112,"column":6}},"44":{"start":{"line":113,"column":4},"end":{"line":113,"column":21}},"45":{"start":{"line":116,"column":33},"end":{"line":124,"column":3}},"46":{"start":{"line":126,"column":2},"end":{"line":126,"column":79}}},"fnMap":{"0":{"name":"useAuth","decl":{"start":{"line":23,"column":16},"end":{"line":23,"column":23}},"loc":{"start":{"line":23,"column":26},"end":{"line":29,"column":1}},"line":23},"1":{"name":"AuthProvider","decl":{"start":{"line":35,"column":16},"end":{"line":35,"column":28}},"loc":{"start":{"line":35,"column":62},"end":{"line":127,"column":1}},"line":35},"2":{"name":"(anonymous_2)","decl":{"start":{"line":40,"column":12},"end":{"line":40,"column":13}},"loc":{"start":{"line":40,"column":18},"end":{"line":71,"column":3}},"line":40},"3":{"name":"(anonymous_3)","decl":{"start":{"line":42,"column":36},"end":{"line":42,"column":37}},"loc":{"start":{"line":42,"column":70},"end":{"line":50,"column":5}},"line":42},"4":{"name":"(anonymous_4)","decl":{"start":{"line":55,"column":40},"end":{"line":55,"column":41}},"loc":{"start":{"line":55,"column":67},"end":{"line":68,"column":5}},"line":55},"5":{"name":"(anonymous_5)","decl":{"start":{"line":70,"column":11},"end":{"line":70,"column":12}},"loc":{"start":{"line":70,"column":17},"end":{"line":70,"column":43}},"line":70},"6":{"name":"(anonymous_6)","decl":{"start":{"line":73,"column":17},"end":{"line":73,"column":18}},"loc":{"start":{"line":73,"column":60},"end":{"line":84,"column":3}},"line":73},"7":{"name":"(anonymous_7)","decl":{"start":{"line":86,"column":17},"end":{"line":86,"column":18}},"loc":{"start":{"line":86,"column":60},"end":{"line":97,"column":3}},"line":86},"8":{"name":"(anonymous_8)","decl":{"start":{"line":99,"column":18},"end":{"line":99,"column":19}},"loc":{"start":{"line":99,"column":30},"end":{"line":107,"column":3}},"line":99},"9":{"name":"(anonymous_9)","decl":{"start":{"line":109,"column":24},"end":{"line":109,"column":25}},"loc":{"start":{"line":109,"column":49},"end":{"line":114,"column":3}},"line":109}},"branchMap":{"0":{"loc":{"start":{"line":25,"column":2},"end":{"line":27,"column":3}},"type":"if","locations":[{"start":{"line":25,"column":2},"end":{"line":27,"column":3}},{"start":{},"end":{}}],"line":25},"1":{"loc":{"start":{"line":43,"column":6},"end":{"line":48,"column":7}},"type":"if","locations":[{"start":{"line":43,"column":6},"end":{"line":48,"column":7}},{"start":{"line":45,"column":13},"end":{"line":48,"column":7}}],"line":43},"2":{"loc":{"start":{"line":47,"column":16},"end":{"line":47,"column":37}},"type":"binary-expr","locations":[{"start":{"line":47,"column":16},"end":{"line":47,"column":29}},{"start":{"line":47,"column":33},"end":{"line":47,"column":37}}],"line":47},"3":{"loc":{"start":{"line":57,"column":14},"end":{"line":57,"column":35}},"type":"binary-expr","locations":[{"start":{"line":57,"column":14},"end":{"line":57,"column":27}},{"start":{"line":57,"column":31},"end":{"line":57,"column":35}}],"line":57},"4":{"loc":{"start":{"line":59,"column":6},"end":{"line":65,"column":7}},"type":"if","locations":[{"start":{"line":59,"column":6},"end":{"line":65,"column":7}},{"start":{"line":62,"column":13},"end":{"line":65,"column":7}}],"line":59}},"s":{"0":1,"1":52,"2":52,"3":2,"4":50,"5":52,"6":52,"7":52,"8":52,"9":28,"10":28,"11":1,"12":27,"13":27,"14":28,"15":28,"16":12,"17":12,"18":12,"19":8,"20":4,"21":11,"22":28,"23":28,"24":52,"25":6,"26":6,"27":6,"28":6,"29":6,"30":52,"31":4,"32":4,"33":4,"34":4,"35":4,"36":52,"37":3,"38":3,"39":3,"40":3,"41":3,"42":52,"43":3,"44":3,"45":52,"46":52},"f":{"0":52,"1":52,"2":28,"3":28,"4":12,"5":28,"6":6,"7":4,"8":3,"9":3},"b":{"0":[2,50],"1":[1,27],"2":[27,26],"3":[12,4],"4":[8,4]},"_coverageSchema":"1a1c01bbd47fc00a2c39e90264f33305004495a9","hash":"514d8afe3613cb5066a5f46b51a2dab728d12b8e"}
,"C:\\Users\\Jarvis\\reconnect-hive\\AlumniConnectMobile\\components\\notifications\\NotificationProvider.tsx": {"path":"C:\\Users\\Jarvis\\reconnect-hive\\AlumniConnectMobile\\components\\notifications\\NotificationProvider.tsx","statementMap":{"0":{"start":{"line":12,"column":0},"end":{"line":20,"column":3}},"1":{"start":{"line":13,"column":35},"end":{"line":19,"column":3}},"2":{"start":{"line":29,"column":28},"end":{"line":29,"column":89}},"3":{"start":{"line":32,"column":18},"end":{"line":32,"column":49}},"4":{"start":{"line":33,"column":2},"end":{"line":35,"column":3}},"5":{"start":{"line":34,"column":4},"end":{"line":34,"column":83}},"6":{"start":{"line":36,"column":2},"end":{"line":36,"column":17}},"7":{"start":{"line":46,"column":2},"end":{"line":53,"column":3}},"8":{"start":{"line":47,"column":4},"end":{"line":52,"column":7}},"9":{"start":{"line":55,"column":2},"end":{"line":81,"column":3}},"10":{"start":{"line":56,"column":39},"end":{"line":56,"column":80}},"11":{"start":{"line":57,"column":22},"end":{"line":57,"column":36}},"12":{"start":{"line":59,"column":4},"end":{"line":62,"column":5}},"13":{"start":{"line":60,"column":25},"end":{"line":60,"column":70}},"14":{"start":{"line":61,"column":6},"end":{"line":61,"column":27}},"15":{"start":{"line":64,"column":4},"end":{"line":67,"column":5}},"16":{"start":{"line":65,"column":6},"end":{"line":65,"column":70}},"17":{"start":{"line":66,"column":6},"end":{"line":66,"column":18}},"18":{"start":{"line":69,"column":4},"end":{"line":78,"column":5}},"19":{"start":{"line":70,"column":6},"end":{"line":74,"column":13}},"20":{"start":{"line":76,"column":6},"end":{"line":76,"column":56}},"21":{"start":{"line":77,"column":6},"end":{"line":77,"column":18}},"22":{"start":{"line":80,"column":4},"end":{"line":80,"column":68}},"23":{"start":{"line":83,"column":2},"end":{"line":83,"column":15}},"24":{"start":{"line":87,"column":44},"end":{"line":87,"column":73}},"25":{"start":{"line":88,"column":42},"end":{"line":88,"column":91}},"26":{"start":{"line":90,"column":2},"end":{"line":127,"column":9}},"27":{"start":{"line":92,"column":4},"end":{"line":102,"column":9}},"28":{"start":{"line":94,"column":8},"end":{"line":94,"column":40}},"29":{"start":{"line":95,"column":8},"end":{"line":98,"column":9}},"30":{"start":{"line":96,"column":10},"end":{"line":96,"column":49}},"31":{"start":{"line":101,"column":8},"end":{"line":101,"column":74}},"32":{"start":{"line":105,"column":33},"end":{"line":107,"column":6}},"33":{"start":{"line":106,"column":6},"end":{"line":106,"column":36}},"34":{"start":{"line":110,"column":29},"end":{"line":121,"column":6}},"35":{"start":{"line":111,"column":19},"end":{"line":111,"column":61}},"36":{"start":{"line":114,"column":6},"end":{"line":120,"column":7}},"37":{"start":{"line":116,"column":13},"end":{"line":120,"column":7}},"38":{"start":{"line":118,"column":13},"end":{"line":120,"column":7}},"39":{"start":{"line":123,"column":4},"end":{"line":126,"column":6}},"40":{"start":{"line":124,"column":6},"end":{"line":124,"column":37}},"41":{"start":{"line":125,"column":6},"end":{"line":125,"column":33}},"42":{"start":{"line":129,"column":28},"end":{"line":137,"column":3}},"43":{"start":{"line":130,"column":4},"end":{"line":133,"column":5}},"44":{"start":{"line":131,"column":6},"end":{"line":131,"column":70}},"45":{"start":{"line":132,"column":6},"end":{"line":132,"column":19}},"46":{"start":{"line":135,"column":23},"end":{"line":135,"column":68}},"47":{"start":{"line":136,"column":4},"end":{"line":136,"column":32}},"48":{"start":{"line":139,"column":32},"end":{"line":149,"column":3}},"49":{"start":{"line":140,"column":4},"end":{"line":148,"column":7}},"50":{"start":{"line":151,"column":41},"end":{"line":156,"column":3}},"51":{"start":{"line":158,"column":2},"end":{"line":162,"column":4}}},"fnMap":{"0":{"name":"(anonymous_0)","decl":{"start":{"line":13,"column":22},"end":{"line":13,"column":23}},"loc":{"start":{"line":13,"column":35},"end":{"line":19,"column":3}},"line":13},"1":{"name":"useNotifications","decl":{"start":{"line":31,"column":16},"end":{"line":31,"column":32}},"loc":{"start":{"line":31,"column":35},"end":{"line":37,"column":1}},"line":31},"2":{"name":"registerForPushNotificationsAsync","decl":{"start":{"line":43,"column":15},"end":{"line":43,"column":48}},"loc":{"start":{"line":43,"column":51},"end":{"line":84,"column":1}},"line":43},"3":{"name":"NotificationProvider","decl":{"start":{"line":86,"column":16},"end":{"line":86,"column":36}},"loc":{"start":{"line":86,"column":78},"end":{"line":163,"column":1}},"line":86},"4":{"name":"(anonymous_4)","decl":{"start":{"line":90,"column":12},"end":{"line":90,"column":13}},"loc":{"start":{"line":90,"column":18},"end":{"line":127,"column":3}},"line":90},"5":{"name":"(anonymous_5)","decl":{"start":{"line":93,"column":12},"end":{"line":93,"column":13}},"loc":{"start":{"line":93,"column":23},"end":{"line":99,"column":7}},"line":93},"6":{"name":"(anonymous_6)","decl":{"start":{"line":100,"column":13},"end":{"line":100,"column":14}},"loc":{"start":{"line":100,"column":24},"end":{"line":102,"column":7}},"line":100},"7":{"name":"(anonymous_7)","decl":{"start":{"line":105,"column":79},"end":{"line":105,"column":80}},"loc":{"start":{"line":105,"column":97},"end":{"line":107,"column":5}},"line":105},"8":{"name":"(anonymous_8)","decl":{"start":{"line":110,"column":83},"end":{"line":110,"column":84}},"loc":{"start":{"line":110,"column":97},"end":{"line":121,"column":5}},"line":110},"9":{"name":"(anonymous_9)","decl":{"start":{"line":123,"column":11},"end":{"line":123,"column":12}},"loc":{"start":{"line":123,"column":17},"end":{"line":126,"column":5}},"line":123},"10":{"name":"(anonymous_10)","decl":{"start":{"line":129,"column":28},"end":{"line":129,"column":29}},"loc":{"start":{"line":129,"column":58},"end":{"line":137,"column":3}},"line":129},"11":{"name":"(anonymous_11)","decl":{"start":{"line":139,"column":32},"end":{"line":139,"column":33}},"loc":{"start":{"line":139,"column":83},"end":{"line":149,"column":3}},"line":139}},"branchMap":{"0":{"loc":{"start":{"line":33,"column":2},"end":{"line":35,"column":3}},"type":"if","locations":[{"start":{"line":33,"column":2},"end":{"line":35,"column":3}},{"start":{},"end":{}}],"line":33},"1":{"loc":{"start":{"line":46,"column":2},"end":{"line":53,"column":3}},"type":"if","locations":[{"start":{"line":46,"column":2},"end":{"line":53,"column":3}},{"start":{},"end":{}}],"line":46},"2":{"loc":{"start":{"line":55,"column":2},"end":{"line":81,"column":3}},"type":"if","locations":[{"start":{"line":55,"column":2},"end":{"line":81,"column":3}},{"start":{"line":79,"column":9},"end":{"line":81,"column":3}}],"line":55},"3":{"loc":{"start":{"line":59,"column":4},"end":{"line":62,"column":5}},"type":"if","locations":[{"start":{"line":59,"column":4},"end":{"line":62,"column":5}},{"start":{},"end":{}}],"line":59},"4":{"loc":{"start":{"line":64,"column":4},"end":{"line":67,"column":5}},"type":"if","locations":[{"start":{"line":64,"column":4},"end":{"line":67,"column":5}},{"start":{},"end":{}}],"line":64},"5":{"loc":{"start":{"line":94,"column":25},"end":{"line":94,"column":38}},"type":"binary-expr","locations":[{"start":{"line":94,"column":25},"end":{"line":94,"column":30}},{"start":{"line":94,"column":34},"end":{"line":94,"column":38}}],"line":94},"6":{"loc":{"start":{"line":95,"column":8},"end":{"line":98,"column":9}},"type":"if","locations":[{"start":{"line":95,"column":8},"end":{"line":98,"column":9}},{"start":{},"end":{}}],"line":95},"7":{"loc":{"start":{"line":114,"column":6},"end":{"line":120,"column":7}},"type":"if","locations":[{"start":{"line":114,"column":6},"end":{"line":120,"column":7}},{"start":{"line":116,"column":13},"end":{"line":120,"column":7}}],"line":114},"8":{"loc":{"start":{"line":116,"column":13},"end":{"line":120,"column":7}},"type":"if","locations":[{"start":{"line":116,"column":13},"end":{"line":120,"column":7}},{"start":{"line":118,"column":13},"end":{"line":120,"column":7}}],"line":116},"9":{"loc":{"start":{"line":118,"column":13},"end":{"line":120,"column":7}},"type":"if","locations":[{"start":{"line":118,"column":13},"end":{"line":120,"column":7}},{"start":{},"end":{}}],"line":118},"10":{"loc":{"start":{"line":130,"column":4},"end":{"line":133,"column":5}},"type":"if","locations":[{"start":{"line":130,"column":4},"end":{"line":133,"column":5}},{"start":{},"end":{}}],"line":130},"11":{"loc":{"start":{"line":144,"column":14},"end":{"line":144,"column":24}},"type":"binary-expr","locations":[{"start":{"line":144,"column":14},"end":{"line":144,"column":18}},{"start":{"line":144,"column":22},"end":{"line":144,"column":24}}],"line":144}},"s":{"0":0,"1":0,"2":0,"3":0,"4":0,"5":0,"6":0,"7":0,"8":0,"9":0,"10":0,"11":0,"12":0,"13":0,"14":0,"15":0,"16":0,"17":0,"18":0,"19":0,"20":0,"21":0,"22":0,"23":0,"24":0,"25":0,"26":0,"27":0,"28":0,"29":0,"30":0,"31":0,"32":0,"33":0,"34":0,"35":0,"36":0,"37":0,"38":0,"39":0,"40":0,"41":0,"42":0,"43":0,"44":0,"45":0,"46":0,"47":0,"48":0,"49":0,"50":0,"51":0},"f":{"0":0,"1":0,"2":0,"3":0,"4":0,"5":0,"6":0,"7":0,"8":0,"9":0,"10":0,"11":0},"b":{"0":[0,0],"1":[0,0],"2":[0,0],"3":[0,0],"4":[0,0],"5":[0,0],"6":[0,0],"7":[0,0],"8":[0,0],"9":[0,0],"10":[0,0],"11":[0,0]}}
[...]
{"start":{"line":272,"column":8},"end":{"line":272,"column":14}},"98":{"start":{"line":274,"column":8},"end":{"line":274,"column":25}},"99":{"start":{"line":275,"column":8},"end":{"line":275,"column":14}},"100":{"start":{"line":277,"column":8},"end":{"line":277,"column":19}},"101":{"start":{"line":280,"column":14},"end":{"line":280,"column":28}},"102":{"start":{"line":283,"column":4},"end":{"line":288,"column":5}},"103":{"start":{"line":284,"column":26},"end":{"line":286,"column":18}},"104":{"start":{"line":285,"column":31},"end":{"line":285,"column":88}},"105":{"start":{"line":287,"column":6},"end":{"line":287,"column":31}},"106":{"start":{"line":290,"column":4},"end":{"line":290,"column":15}},"107":{"start":{"line":297,"column":20},"end":{"line":297,"column":48}},"108":{"start":{"line":298,"column":15},"end":{"line":298,"column":17}},"109":{"start":{"line":300,"column":4},"end":{"line":327,"column":5}},"110":{"start":{"line":302,"column":8},"end":{"line":302,"column":34}},"111":{"start":{"line":303,"column":8},"end":{"line":303,"column":14}},"112":{"start":{"line":305,"column":8},"end":{"line":305,"column":32}},"113":{"start":{"line":306,"column":8},"end":{"line":306,"column":14}},"114":{"start":{"line":308,"column":8},"end":{"line":308,"column":31}},"115":{"start":{"line":309,"column":8},"end":{"line":309,"column":14}},"116":{"start":{"line":311,"column":8},"end":{"line":311,"column":30}},"117":{"start":{"line":312,"column":8},"end":{"line":312,"column":14}},"118":{"start":{"line":314,"column":8},"end":{"line":314,"column":31}},"119":{"start":{"line":315,"column":8},"end":{"line":315,"column":14}},"120":{"start":{"line":317,"column":8},"end":{"line":317,"column":24}},"121":{"start":{"line":318,"column":8},"end":{"line":318,"column":14}},"122":{"start":{"line":320,"column":8},"end":{"line":320,"column":26}},"123":{"start":{"line":321,"column":8},"end":{"line":321,"column":14}},"124":{"start":{"line":323,"column":8},"end":{"line":323,"column":25}},"125":{"start":{"line":324,"column":8},"end":{"line":324,"column":14}},"126":{"start":{"line":326,"column":8},"end":{"line":326,"column":19}},"127":{"start":{"line":329,"column":14},"end":{"line":329,"column":28}},"128":{"start":{"line":332,"column":4},"end":{"line":337,"column":5}},"129":{"start":{"line":333,"column":26},"end":{"line":335,"column":18}},"130":{"start":{"line":334,"column":31},"end":{"line":334,"column":88}},"131":{"start":{"line":336,"column":6},"end":{"line":336,"column":31}},"132":{"start":{"line":339,"column":4},"end":{"line":339,"column":15}},"133":{"start":{"line":346,"column":4},"end":{"line":386,"column":5}},"134":{"start":{"line":347,"column":6},"end":{"line":347,"column":61}},"135":{"start":{"line":349,"column":6},"end":{"line":358,"column":7}},"136":{"start":{"line":350,"column":28},"end":{"line":350,"column":60}},"137":{"start":{"line":351,"column":8},"end":{"line":357,"column":9}},"138":{"start":{"line":352,"column":10},"end":{"line":355,"column":13}},"139":{"start":{"line":356,"column":10},"end":{"line":356,"column":22}},"140":{"start":{"line":361,"column":6},"end":{"line":375,"column":7}},"141":{"start":{"line":362,"column":8},"end":{"line":374,"column":9}},"142":{"start":{"line":363,"column":10},"end":{"line":367,"column":13}},"143":{"start":{"line":368,"column":10},"end":{"line":368,"column":22}},"144":{"start":{"line":371,"column":10},"end":{"line":371,"column":86}},"145":{"start":{"line":372,"column":10},"end":{"line":372,"column":61}},"146":{"start":{"line":373,"column":10},"end":{"line":373,"column":22}},"147":{"start":{"line":377,"column":6},"end":{"line":377,"column":19}},"148":{"start":{"line":379,"column":6},"end":{"line":379,"column":53}},"149":{"start":{"line":380,"column":6},"end":{"line":384,"column":8}},"150":{"start":{"line":385,"column":6},"end":{"line":385,"column":19}},"151":{"start":{"line":393,"column":21},"end":{"line":393,"column":66}},"152":{"start":{"line":394,"column":20},"end":{"line":394,"column":64}},"153":{"start":{"line":396,"column":34},"end":{"line":400,"column":5}},"154":{"start":{"line":402,"column":4},"end":{"line":402,"column":37}},"155":{"start":{"line":409,"column":21},"end":{"line":409,"column":60}},"156":{"start":{"line":410,"column":20},"end":{"line":410,"column":58}},"157":{"start":{"line":412,"column":34},"end":{"line":416,"column":5}},"158":{"start":{"line":418,"column":4},"end":{"line":418,"column":37}},"159":{"start":{"line":425,"column":21},"end":{"line":425,"column":61}},"160":{"start":{"line":426,"column":20},"end":{"line":426,"column":59}},"161":{"start":{"line":428,"column":34},"end":{"line":432,"column":5}},"162":{"start":{"line":434,"column":4},"end":{"line":434,"column":37}},"163":{"start":{"line":441,"column":21},"end":{"line":441,"column":87}},"164":{"start":{"line":442,"column":20},"end":{"line":442,"column":85}},"165":{"start":{"line":444,"column":34},"end":{"line":448,"column":5}},"166":{"start":{"line":450,"column":4},"end":{"line":450,"column":37}},"167":{"start":{"line":457,"column":4},"end":{"line":473,"column":5}},"168":{"start":{"line":458,"column":24},"end":{"line":458,"column":53}},"169":{"start":{"line":459,"column":6},"end":{"line":469,"column":7}},"170":{"start":{"line":460,"column":8},"end":{"line":460,"column":35}},"171":{"start":{"line":461,"column":8},"end":{"line":461,"column":20}},"172":{"start":{"line":463,"column":8},"end":{"line":467,"column":10}},"173":{"start":{"line":468,"column":8},"end":{"line":468,"column":21}},"174":{"start":{"line":471,"column":6},"end":{"line":471,"column":58}},"175":{"start":{"line":472,"column":6},"end":{"line":472,"column":19}},"176":{"start":{"line":478,"column":34},"end":{"line":478,"column":58}}},"fnMap":{"0":{"name":"(anonymous_0)","decl":{"start":{"line":54,"column":2},"end":{"line":54,"column":3}},"loc":{"start":{"line":54,"column":43},"end":{"line":75,"column":3}},"line":54},"1":{"name":"(anonymous_1)","decl":{"start":{"line":80,"column":2},"end":{"line":80,"column":3}},"loc":{"start":{"line":80,"column":35},"end":{"line":85,"column":3}},"line":80},"2":{"name":"(anonymous_2)","decl":{"start":{"line":90,"column":30},"end":{"line":90,"column":31}},"loc":{"start":{"line":90,"column":66},"end":{"line":110,"column":3}},"line":90},"3":{"name":"(anonymous_3)","decl":{"start":{"line":115,"column":2},"end":{"line":115,"column":3}},"loc":{"start":{"line":115,"column":58},"end":{"line":134,"column":3}},"line":115},"4":{"name":"(anonymous_4)","decl":{"start":{"line":139,"column":2},"end":{"line":139,"column":3}},"loc":{"start":{"line":139,"column":110},"end":{"line":153,"column":3}},"line":139},"5":{"name":"(anonymous_5)","decl":{"start":{"line":158,"column":2},"end":{"line":158,"column":3}},"loc":{"start":{"line":158,"column":59},"end":{"line":222,"column":3}},"line":158},"6":{"name":"(anonymous_6)","decl":{"start":{"line":227,"column":2},"end":{"line":227,"column":3}},"loc":{"start":{"line":227,"column":55},"end":{"line":242,"column":3}},"line":227},"7":{"name":"(anonymous_7)","decl":{"start":{"line":235,"column":19},"end":{"line":235,"column":20}},"loc":{"start":{"line":235,"column":25},"end":{"line":238,"column":11}},"line":235},"8":{"name":"(anonymous_8)","decl":{"start":{"line":247,"column":2},"end":{"line":247,"column":3}},"loc":{"start":{"line":247,"column":94},"end":{"line":291,"column":3}},"line":247},"9":{"name":"(anonymous_9)","decl":{"start":{"line":285,"column":13},"end":{"line":285,"column":14}},"loc":{"start":{"line":285,"column":31},"end":{"line":285,"column":88}},"line":285},"10":{"name":"(anonymous_10)","decl":{"start":{"line":296,"column":2},"end":{"line":296,"column":3}},"loc":{"start":{"line":296,"column":93},"end":{"line":340,"column":3}},"line":296},"11":{"name":"(anonymous_11)","decl":{"start":{"line":334,"column":13},"end":{"line":334,"column":14}},"loc":{"start":{"line":334,"column":31},"end":{"line":334,"column":88}},"line":334},"12":{"name":"(anonymous_12)","decl":{"start":{"line":345,"column":2},"end":{"line":345,"column":3}},"loc":{"start":{"line":345,"column":69},"end":{"line":387,"column":3}},"line":345},"13":{"name":"(anonymous_13)","decl":{"start":{"line":392,"column":2},"end":{"line":392,"column":3}},"loc":{"start":{"line":392,"column":87},"end":{"line":403,"column":3}},"line":392},"14":{"name":"(anonymous_14)","decl":{"start":{"line":408,"column":2},"end":{"line":408,"column":3}},"loc":{"start":{"line":408,"column":78},"end":{"line":419,"column":3}},"line":408},"15":{"name":"(anonymous_15)","decl":{"start":{"line":424,"column":2},"end":{"line":424,"column":3}},"loc":{"start":{"line":424,"column":77},"end":{"line":435,"column":3}},"line":424},"16":{"name":"(anonymous_16)","decl":{"start":{"line":440,"column":2},"end":{"line":440,"column":3}},"loc":{"start":{"line":440,"column":64},"end":{"line":451,"column":3}},"line":440},"17":{"name":"(anonymous_17)","decl":{"start":{"line":456,"column":2},"end":{"line":456,"column":3}},"loc":{"start":{"line":456,"column":62},"end":{"line":474,"column":3}},"line":456}},"branchMap":{"0":{"loc":{"start":{"line":55,"column":4},"end":{"line":55,"column":35}},"type":"if","locations":[{"start":{"line":55,"column":4},"end":{"line":55,"column":35}},{"start":{},"end":{}}],"line":55},"1":{"loc":{"start":{"line":60,"column":6},"end":{"line":63,"column":7}},"type":"if","locations":[{"start":{"line":60,"column":6},"end":{"line":63,"column":7}},{"start":{},"end":{}}],"line":60},"2":{"loc":{"start":{"line":81,"column":4},"end":{"line":84,"column":5}},"type":"if","locations":[{"start":{"line":81,"column":4},"end":{"line":84,"column":5}},{"start":{},"end":{}}],"line":81},"3":{"loc":{"start":{"line":96,"column":6},"end":{"line":99,"column":7}},"type":"if","locations":[{"start":{"line":96,"column":6},"end":{"line":99,"column":7}},{"start":{},"end":{}}],"line":96},"4":{"loc":{"start":{"line":119,"column":6},"end":{"line":121,"column":7}},"type":"if","locations":[{"start":{"line":119,"column":6},"end":{"line":121,"column":7}},{"start":{},"end":{}}],"line":119},"5":{"loc":{"start":{"line":119,"column":10},"end":{"line":119,"column":40}},"type":"binary-expr","locations":[{"start":{"line":119,"column":10},"end":{"line":119,"column":24}},{"start":{"line":119,"column":28},"end":{"line":119,"column":40}}],"line":119},"6":{"loc":{"start":{"line":126,"column":18},"end":{"line":126,"column":46}},"type":"binary-expr","locations":[{"start":{"line":126,"column":18},"end":{"line":126,"column":33}},{"start":{"line":126,"column":37},"end":{"line":126,"column":46}}],"line":126},"7":{"loc":{"start":{"line":128,"column":47},"end":{"line":128,"column":71}},"type":"binary-expr","locations":[{"start":{"line":128,"column":47},"end":{"line":128,"column":65}},{"start":{"line":128,"column":69},"end":{"line":128,"column":71}}],"line":128},"8":{"loc":{"start":{"line":143,"column":6},"end":{"line":149,"column":7}},"type":"if","locations":[{"start":{"line":143,"column":6},"end":{"line":149,"column":7}},{"start":{"line":145,"column":13},"end":{"line":149,"column":7}}],"line":143},"9":{"loc":{"start":{"line":144,"column":26},"end":{"line":144,"column":40}},"type":"binary-expr","locations":[{"start":{"line":144,"column":26},"end":{"line":144,"column":34}},{"start":{"line":144,"column":38},"end":{"line":144,"column":40}}],"line":144},"10":{"loc":{"start":{"line":145,"column":13},"end":{"line":149,"column":7}},"type":"if","locations":[{"start":{"line":145,"column":13},"end":{"line":149,"column":7}},{"start":{"line":147,"column":13},"end":{"line":149,"column":7}}],"line":145},"11":{"loc":{"start":{"line":163,"column":4},"end":{"line":167,"column":5}},"type":"if","locations":[{"start":{"line":163,"column":4},"end":{"line":167,"column":5}},{"start":{},"end":{}}],"line":163},"12":{"loc":{"start":{"line":171,"column":4},"end":{"line":175,"column":5}},"type":"if","locations":[{"start":{"line":171,"column":4},"end":{"line":175,"column":5}},{"start":{},"end":{}}],"line":171},"13":{"loc":{"start":{"line":179,"column":4},"end":{"line":183,"column":5}},"type":"if","locations":[{"start":{"line":179,"column":4},"end":{"line":183,"column":5}},{"start":{},"end":{}}],"line":179},"14":{"loc":{"start":{"line":187,"column":4},"end":{"line":192,"column":5}},"type":"if","locations":[{"start":{"line":187,"column":4},"end":{"line":192,"column":5}},{"start":{},"end":{}}],"line":187},"15":{"loc":{"start":{"line":195,"column":4},"end":{"line":198,"column":5}},"type":"if","locations":[{"start":{"line":195,"column":4},"end":{"line":198,"column":5}},{"start":{},"end":{}}],"line":195},"16":{"loc":{"start":{"line":201,"column":4},"end":{"line":204,"column":5}},"type":"if","locations":[{"start":{"line":201,"column":4},"end":{"line":204,"column":5}},{"start":{},"end":{}}],"line":201},"17":{"loc":{"start":{"line":207,"column":4},"end":{"line":210,"column":5}},"type":"if","locations":[{"start":{"line":207,"column":4},"end":{"line":210,"column":5}},{"start":{},"end":{}}],"line":207},"18":{"loc":{"start":{"line":214,"column":4},"end":{"line":218,"column":5}},"type":"if","locations":[{"start":{"line":214,"column":4},"end":{"line":218,"column":5}},{"start":{},"end":{}}],"line":214},"19":{"loc":{"start":{"line":214,"column":8},"end":{"line":214,"column":39}},"type":"binary-expr","locations":[{"start":{"line":214,"column":8},"end":{"line":214,"column":19}},{"start":{"line":214,"column":23},"end":{"line":214,"column":39}}],"line":214},"20":{"loc":{"start":{"line":251,"column":4},"end":{"line":278,"column":5}},"type":"switch","locations":[{"start":{"line":252,"column":6},"end":{"line":254,"column":14}},{"start":{"line":255,"column":6},"end":{"line":257,"column":14}},{"start":{"line":258,"column":6},"end":{"line":260,"column":14}},{"start":{"line":261,"column":6},"end":{"line":263,"column":14}},{"start":{"line":264,"column":6},"end":{"line":266,"column":14}},{"start":{"line":267,"column":6},"end":{"line":269,"column":14}},{"start":{"line":270,"column":6},"end":{"line":272,"column":14}},{"start":{"line":273,"column":6},"end":{"line":275,"column":14}},{"start":{"line":276,"column":6},"end":{"line":277,"column":19}}],"line":251},"21":{"loc":{"start":{"line":283,"column":4},"end":{"line":288,"column":5}},"type":"if","locations":[{"start":{"line":283,"column":4},"end":{"line":288,"column":5}},{"start":{},"end":{}}],"line":283},"22":{"loc":{"start":{"line":283,"column":8},"end":{"line":283,"column":48}},"type":"binary-expr","locations":[{"start":{"line":283,"column":8},"end":{"line":283,"column":14}},{"start":{"line":283,"column":18},"end":{"line":283,"column":48}}],"line":283},"23":{"loc":{"start":{"line":300,"column":4},"end":{"line":327,"column":5}},"type":"switch","locations":[{"start":{"line":301,"column":6},"end":{"line":303,"column":14}},{"start":{"line":304,"column":6},"end":{"line":306,"column":14}},{"start":{"line":307,"column":6},"end":{"line":309,"column":14}},{"start":{"line":310,"column":6},"end":{"line":312,"column":14}},{"start":{"line":313,"column":6},"end":{"line":315,"column":14}},{"start":{"line":316,"column":6},"end":{"line":318,"column":14}},{"start":{"line":319,"column":6},"end":{"line":321,"column":14}},{"start":{"line":322,"column":6},"end":{"line":324,"column":14}},{"start":{"line":325,"column":6},"end":{"line":326,"column":19}}],"line":300},"24":{"loc":{"start":{"line":332,"column":4},"end":{"line":337,"column":5}},"type":"if","locations":[{"start":{"line":332,"column":4},"end":{"line":337,"column":5}},{"start":{},"end":{}}],"line":332},"25":{"loc":{"start":{"line":332,"column":8},"end":{"line":332,"column":48}},"type":"binary-expr","locations":[{"start":{"line":332,"column":8},"end":{"line":332,"column":14}},{"start":{"line":332,"column":18},"end":{"line":332,"column":48}}],"line":332},"26":{"loc":{"start":{"line":349,"column":6},"end":{"line":358,"column":7}},"type":"if","locations":[{"start":{"line":349,"column":6},"end":{"line":358,"column":7}},{"start":{},"end":{}}],"line":349},"27":{"loc":{"start":{"line":349,"column":10},"end":{"line":349,"column":60}},"type":"binary-expr","locations":[{"start":{"line":349,"column":10},"end":{"line":349,"column":31}},{"start":{"line":349,"column":35},"end":{"line":349,"column":60}}],"line":349},"28":{"loc":{"start":{"line":351,"column":8},"end":{"line":357,"column":9}},"type":"if","locations":[{"start":{"line":351,"column":8},"end":{"line":357,"column":9}},{"start":{},"end":{}}],"line":351},"29":{"loc":{"start":{"line":361,"column":6},"end":{"line":375,"column":7}},"type":"if","locations":[{"start":{"line":361,"column":6},"end":{"line":375,"column":7}},{"start":{},"end":{}}],"line":361},"30":{"loc":{"start":{"line":362,"column":8},"end":{"line":374,"column":9}},"type":"if","locations":[{"start":{"line":362,"column":8},"end":{"line":374,"column":9}},{"start":{"line":369,"column":15},"end":{"line":374,"column":9}}],"line":362},"31":{"loc":{"start":{"line":399,"column":11},"end":{"line":399,"column":53}},"type":"cond-expr","locations":[{"start":{"line":399,"column":35},"end":{"line":399,"column":42}},{"start":{"line":399,"column":45},"end":{"line":399,"column":53}}],"line":399},"32":{"loc":{"start":{"line":415,"column":11},"end":{"line":415,"column":53}},"type":"cond-expr","locations":[{"start":{"line":415,"column":35},"end":{"line":415,"column":42}},{"start":{"line":415,"column":45},"end":{"line":415,"column":53}}],"line":415},"33":{"loc":{"start":{"line":431,"column":11},"end":{"line":431,"column":53}},"type":"cond-expr","locations":[{"start":{"line":431,"column":35},"end":{"line":431,"column":42}},{"start":{"line":431,"column":45},"end":{"line":431,"column":53}}],"line":431},"34":{"loc":{"start":{"line":447,"column":11},"end":{"line":447,"column":53}},"type":"cond-expr","locations":[{"start":{"line":447,"column":35},"end":{"line":447,"column":42}},{"start":{"line":447,"column":45},"end":{"line":447,"column":53}}],"line":447},"35":{"loc":{"start":{"line":459,"column":6},"end":{"line":469,"column":7}},"type":"if","locations":[{"start":{"line":459,"column":6},"end":{"line":469,"column":7}},{"start":{"line":462,"column":13},"end":{"line":469,"column":7}}],"line":459}},"s":{"0":1,"1":1,"2":1,"3":8,"4":7,"5":1,"6":1,"7":1,"8":0,"9":0,"10":1,"11":1,"12":1,"13":1,"14":0,"15":3,"16":0,"17":0,"18":1,"19":0,"20":0,"21":0,"22":0,"23":0,"24":0,"25":0,"26":0,"27":0,"28":0,"29":0,"30":0,"31":0,"32":0,"33":0,"34":0,"35":0,"36":0,"37":0,"38":0,"39":0,"40":0,"41":0,"42":0,"43":0,"44":0,"45":0,"46":0,"47":0,"48":0,"49":0,"50":0,"51":0,"52":0,"53":0,"54":0,"55":0,"56":0,"57":0,"58":0,"59":0,"60":0,"61":0,"62":0,"63":0,"64":0,"65":0,"66":0,"67":0,"68":0,"69":0,"70":0,"71":0,"72":0,"73":0,"74":0,"75":0,"76":0,"77":0,"78":0,"79":0,"80":0,"81":12,"82":12,"83":12,"84":4,"85":4,"86":2,"87":2,"88":2,"89":2,"90":0,"91":0,"92":0,"93":0,"94":0,"95":0,"96":0,"97":0,"98":4,"99":4,"100":0,"101":12,"102":12,"103":4,"104":8,"105":4,"106":12,"107":9,"108":9,"109":9,"110":3,"111":3,"112":2,"113":2,"114":2,"115":2,"116":0,"117":0,"118":0,"119":0,"120":0,"121":0,"122":0,"123":0,"124":2,"125":2,"126":0,"127":9,"128":9,"129":2,"130":2,"131":2,"132":9,"133":9,"134":9,"135":9,"136":6,"137":6,"138":5,"139":4,"140":4,"141":3,"142":2,"143":2,"144":1,"145":1,"146":1,"147":1,"148":1,"149":1,"150":1,"151":2,"152":2,"153":2,"154":2,"155":1,"156":1,"157":1,"158":1,"159":1,"160":1,"161":1,"162":1,"163":1,"164":1,"165":1,"166":1,"167":3,"168":3,"169":2,"170":1,"171":1,"172":1,"173":1,"174":1,"175":1,"176":1},"f":{"0":8,"1":3,"2":0,"3":0,"4":0,"5":0,"6":0,"7":0,"8":12,"9":8,"10":9,"11":2,"12":9,"13":2,"14":1,"15":1,"16":1,"17":3},"b":{"0":[7,1],"1":[0,1],"2":[0,3],"3":[0,0],"4":[0,0],"5":[0,0],"6":[0,0],"7":[0,0],"8":[0,0],"9":[0,0],"10":[0,0],"11":[0,0],"12":[0,0],"13":[0,0],"14":[0,0],"15":[0,0],"16":[0,0],"17":[0,0],"18":[0,0],"19":[0,0],"20":[4,2,2,0,0,0,0,4,0],"21":[4,8],"22":[12,4],"23":[3,2,2,0,0,0,0,2,0],"24":[2,7],"25":[9,2],"26":[6,3],"27":[9,3],"28":[5,1],"29":[3,1],"30":[2,1],"31":[1,1],"32":[0,1],"33":[0,1],"34":[0,1],"35":[1,1]},"_coverageSchema":"1a1c01bbd47fc00a2c39e90264f33305004495a9","hash":"072a2f99776f747c2085358b4dd05264ee39405d"}
}
