TN:
SF:app\_layout.tsx
FN:31,loadFonts
FN:42,RootLayout
FN:46,(anonymous_2)
FN:47,prepare
FN:64,(anonymous_4)
FN:69,(anonymous_5)
FNF:6
FNH:0
FNDA:0,loadFonts
FNDA:0,RootLayout
FNDA:0,(anonymous_2)
FNDA:0,prepare
FNDA:0,(anonymous_4)
FNDA:0,(anonymous_5)
DA:22,0
DA:24,0
DA:32,0
DA:33,0
DA:38,0
DA:43,0
DA:44,0
DA:46,0
DA:48,0
DA:50,0
DA:53,0
DA:55,0
DA:57,0
DA:61,0
DA:64,0
DA:65,0
DA:69,0
DA:70,0
DA:71,0
DA:75,0
DA:76,0
DA:79,0
DA:168,0
LF:23
LH:0
BRDA:70,0,0,0
BRDA:70,0,1,0
BRDA:75,1,0,0
BRDA:75,1,1,0
BRDA:83,2,0,0
BRDA:83,2,1,0
BRF:6
BRH:0
end_of_record
TN:
SF:app\modal.tsx
FN:7,ModalScreen
FNF:1
FNH:0
FNDA:0,ModalScreen
DA:8,0
DA:18,0
LF:2
LH:0
BRF:0
BRH:0
end_of_record
TN:
SF:app\(tabs)\_layout.tsx
FN:16,TabLayout
FN:41,(anonymous_1)
FN:60,(anonymous_2)
FN:75,(anonymous_3)
FN:90,(anonymous_4)
FN:105,(anonymous_5)
FN:120,(anonymous_6)
FNF:7
FNH:0
FNDA:0,TabLayout
FNDA:0,(anonymous_1)
FNDA:0,(anonymous_2)
FNDA:0,(anonymous_3)
FNDA:0,(anonymous_4)
FNDA:0,(anonymous_5)
FNDA:0,(anonymous_6)
DA:17,0
DA:18,0
DA:19,0
DA:21,0
DA:42,0
DA:61,0
DA:76,0
DA:91,0
DA:106,0
DA:121,0
LF:10
LH:0
BRDA:29,0,0,0
BRDA:29,0,1,0
BRDA:31,1,0,0
BRDA:31,1,1,0
BRDA:32,2,0,0
BRDA:32,2,1,0
BRDA:34,3,0,0
BRDA:34,3,1,0
BRDA:63,4,0,0
BRDA:63,4,1,0
BRDA:78,5,0,0
BRDA:78,5,1,0
BRDA:93,6,0,0
BRDA:93,6,1,0
BRDA:108,7,0,0
BRDA:108,7,1,0
BRDA:123,8,0,0
BRDA:123,8,1,0
BRF:18
BRH:0
end_of_record
TN:
SF:app\(tabs)\events.tsx
FN:24,EventsScreen
FN:37,(anonymous_1)
FN:61,(anonymous_2)
FN:75,(anonymous_3)
FN:81,(anonymous_4)
FN:86,(anonymous_5)
FN:95,(anonymous_6)
FN:104,(anonymous_7)
FN:113,(anonymous_8)
FN:117,(anonymous_9)
FN:183,(anonymous_10)
FN:203,(anonymous_11)
FNF:12
FNH:0
FNDA:0,EventsScreen
FNDA:0,(anonymous_1)
FNDA:0,(anonymous_2)
FNDA:0,(anonymous_3)
FNDA:0,(anonymous_4)
FNDA:0,(anonymous_5)
FNDA:0,(anonymous_6)
FNDA:0,(anonymous_7)
FNDA:0,(anonymous_8)
FNDA:0,(anonymous_9)
FNDA:0,(anonymous_10)
FNDA:0,(anonymous_11)
DA:25,0
DA:26,0
DA:35,0
DA:38,0
DA:45,0
DA:46,0
DA:59,0
DA:62,0
DA:63,0
DA:65,0
DA:74,0
DA:75,0
DA:81,0
DA:82,0
DA:83,0
DA:86,0
DA:87,0
DA:88,0
DA:89,0
DA:91,0
DA:95,0
DA:96,0
DA:97,0
DA:104,0
DA:105,0
DA:106,0
DA:113,0
DA:114,0
DA:117,0
DA:163,0
DA:164,0
DA:165,0
DA:166,0
DA:168,0
DA:184,0
DA:185,0
DA:204,0
DA:205,0
DA:271,0
LF:39
LH:0
BRDA:45,0,0,0
BRDA:45,0,1,0
BRDA:46,1,0,0
BRDA:46,1,1,0
BRDA:63,2,0,0
BRDA:63,2,1,0
BRDA:74,3,0,0
BRDA:74,3,1,0
BRDA:75,4,0,0
BRDA:75,4,1,0
BRDA:88,5,0,0
BRDA:88,5,1,0
BRDA:129,6,0,0
BRDA:129,6,1,0
BRDA:134,7,0,0
BRDA:134,7,1,0
BRDA:137,8,0,0
BRDA:137,8,1,0
BRDA:144,9,0,0
BRDA:144,9,1,0
BRDA:147,10,0,0
BRDA:147,10,1,0
BRDA:149,11,0,0
BRDA:149,11,1,0
BRDA:157,12,0,0
BRDA:157,12,1,0
BRDA:163,13,0,0
BRDA:163,13,1,0
BRDA:164,14,0,0
BRDA:164,14,1,0
BRDA:165,15,0,0
BRDA:165,15,1,0
BRDA:166,16,0,0
BRDA:166,16,1,0
BRDA:181,17,0,0
BRDA:181,17,1,0
BRDA:191,18,0,0
BRDA:191,18,1,0
BRDA:201,19,0,0
BRDA:201,19,1,0
BRDA:211,20,0,0
BRDA:211,20,1,0
BRDA:232,21,0,0
BRDA:232,21,1,0
BRDA:232,21,2,0
BRDA:238,22,0,0
BRDA:238,22,1,0
BRDA:246,23,0,0
BRDA:246,23,1,0
BRDA:246,23,2,0
BRDA:250,24,0,0
BRDA:250,24,1,0
BRDA:253,25,0,0
BRDA:253,25,1,0
BRDA:261,26,0,0
BRDA:261,26,1,0
BRDA:261,26,2,0
BRF:57
BRH:0
end_of_record
TN:
SF:app\(tabs)\explore.tsx
FN:12,TabTwoScreen
FNF:1
FNH:0
FNDA:0,TabTwoScreen
DA:13,0
DA:101,0
LF:2
LH:0
BRF:0
BRH:0
end_of_record
TN:
SF:app\(tabs)\index.tsx
FN:25,FeedScreen
FN:37,(anonymous_1)
FN:54,(anonymous_2)
FN:64,(anonymous_3)
FN:69,(anonymous_4)
FN:74,(anonymous_5)
FN:85,(anonymous_6)
FN:89,(anonymous_7)
FN:138,(anonymous_8)
FN:148,(anonymous_9)
FN:158,(anonymous_10)
FN:215,(anonymous_11)
FNF:12
FNH:0
FNDA:0,FeedScreen
FNDA:0,(anonymous_1)
FNDA:0,(anonymous_2)
FNDA:0,(anonymous_3)
FNDA:0,(anonymous_4)
FNDA:0,(anonymous_5)
FNDA:0,(anonymous_6)
FNDA:0,(anonymous_7)
FNDA:0,(anonymous_8)
FNDA:0,(anonymous_9)
FNDA:0,(anonymous_10)
FNDA:0,(anonymous_11)
DA:26,0
DA:35,0
DA:38,0
DA:53,0
DA:54,0
DA:64,0
DA:65,0
DA:66,0
DA:69,0
DA:70,0
DA:74,0
DA:75,0
DA:76,0
DA:77,0
DA:79,0
DA:80,0
DA:81,0
DA:82,0
DA:85,0
DA:86,0
DA:89,0
DA:139,0
DA:140,0
DA:149,0
DA:150,0
DA:159,0
DA:160,0
DA:169,0
DA:216,0
DA:217,0
DA:235,0
LF:31
LH:0
BRDA:53,0,0,0
BRDA:53,0,1,0
BRDA:54,1,0,0
BRDA:54,1,1,0
BRDA:57,2,0,0
BRDA:57,2,1,0
BRDA:58,3,0,0
BRDA:58,3,1,0
BRDA:79,4,0,0
BRDA:79,4,1,0
BRDA:80,5,0,0
BRDA:80,5,1,0
BRDA:81,6,0,0
BRDA:81,6,1,0
BRDA:95,7,0,0
BRDA:95,7,1,0
BRDA:103,8,0,0
BRDA:103,8,1,0
BRDA:110,9,0,0
BRDA:110,9,1,0
BRDA:110,10,0,0
BRDA:110,10,1,0
BRDA:125,11,0,0
BRDA:125,11,1,0
BRDA:143,12,0,0
BRDA:143,12,1,0
BRDA:153,13,0,0
BRDA:153,13,1,0
BRDA:191,14,0,0
BRDA:191,14,1,0
BRDA:191,14,2,0
BRDA:197,15,0,0
BRDA:197,15,1,0
BRDA:205,16,0,0
BRDA:205,16,1,0
BRDA:205,16,2,0
BRDA:225,17,0,0
BRDA:225,17,1,0
BRDA:225,17,2,0
BRF:39
BRH:0
end_of_record
TN:
SF:app\(tabs)\network.tsx
FN:26,NetworkScreen
FN:39,(anonymous_1)
FN:53,(anonymous_2)
FN:58,(anonymous_3)
FN:63,(anonymous_4)
FN:69,(anonymous_5)
FN:73,(anonymous_6)
FN:108,(anonymous_7)
FNF:8
FNH:0
FNDA:0,NetworkScreen
FNDA:0,(anonymous_1)
FNDA:0,(anonymous_2)
FNDA:0,(anonymous_3)
FNDA:0,(anonymous_4)
FNDA:0,(anonymous_5)
FNDA:0,(anonymous_6)
FNDA:0,(anonymous_7)
DA:27,0
DA:28,0
DA:37,0
DA:40,0
DA:47,0
DA:48,0
DA:53,0
DA:54,0
DA:55,0
DA:58,0
DA:59,0
DA:60,0
DA:63,0
DA:64,0
DA:69,0
DA:70,0
DA:73,0
DA:109,0
DA:110,0
DA:119,0
DA:197,0
LF:21
LH:0
BRDA:47,0,0,0
BRDA:47,0,1,0
BRDA:48,1,0,0
BRDA:48,1,1,0
BRDA:64,2,0,0
BRDA:64,2,1,0
BRDA:64,2,2,0
BRDA:77,3,0,0
BRDA:77,3,1,0
BRDA:85,4,0,0
BRDA:85,4,1,0
BRDA:93,5,0,0
BRDA:93,5,1,0
BRDA:93,6,0,0
BRDA:93,6,1,0
BRDA:98,7,0,0
BRDA:98,7,1,0
BRDA:152,8,0,0
BRDA:152,8,1,0
BRDA:152,8,2,0
BRDA:158,9,0,0
BRDA:158,9,1,0
BRDA:166,10,0,0
BRDA:166,10,1,0
BRDA:166,10,2,0
BRDA:170,11,0,0
BRDA:170,11,1,0
BRDA:173,12,0,0
BRDA:173,12,1,0
BRDA:181,13,0,0
BRDA:181,13,1,0
BRDA:181,13,2,0
BRDA:184,14,0,0
BRDA:184,14,1,0
BRF:34
BRH:0
end_of_record
TN:
SF:app\(tabs)\profile.tsx
FN:26,ProfileScreen
FN:39,(anonymous_1)
FN:57,(anonymous_2)
FN:61,(anonymous_3)
FN:65,(anonymous_4)
FN:70,(anonymous_5)
FN:75,(anonymous_6)
FN:85,(anonymous_7)
FN:91,(anonymous_8)
FN:96,(anonymous_9)
FN:101,(anonymous_10)
FN:189,(anonymous_11)
FN:233,(anonymous_12)
FN:242,(anonymous_13)
FN:251,(anonymous_14)
FNF:15
FNH:0
FNDA:0,ProfileScreen
FNDA:0,(anonymous_1)
FNDA:0,(anonymous_2)
FNDA:0,(anonymous_3)
FNDA:0,(anonymous_4)
FNDA:0,(anonymous_5)
FNDA:0,(anonymous_6)
FNDA:0,(anonymous_7)
FNDA:0,(anonymous_8)
FNDA:0,(anonymous_9)
FNDA:0,(anonymous_10)
FNDA:0,(anonymous_11)
FNDA:0,(anonymous_12)
FNDA:0,(anonymous_13)
FNDA:0,(anonymous_14)
DA:27,0
DA:28,0
DA:37,0
DA:40,0
DA:41,0
DA:43,0
DA:49,0
DA:50,0
DA:56,0
DA:58,0
DA:59,0
DA:62,0
DA:66,0
DA:70,0
DA:71,0
DA:72,0
DA:75,0
DA:76,0
DA:77,0
DA:85,0
DA:91,0
DA:92,0
DA:93,0
DA:96,0
DA:97,0
DA:98,0
DA:101,0
DA:107,0
DA:122,0
DA:190,0
DA:234,0
DA:235,0
DA:243,0
DA:252,0
DA:275,0
LF:35
LH:0
BRDA:41,0,0,0
BRDA:41,0,1,0
BRDA:49,1,0,0
BRDA:49,1,1,0
BRDA:59,2,0,0
BRDA:59,2,1,0
BRDA:101,3,0,0
BRDA:114,4,0,0
BRDA:114,4,1,0
BRDA:141,5,0,0
BRDA:141,5,1,0
BRDA:141,5,2,0
BRDA:147,6,0,0
BRDA:147,6,1,0
BRDA:155,7,0,0
BRDA:155,7,1,0
BRDA:160,8,0,0
BRDA:160,8,1,0
BRDA:168,9,0,0
BRDA:168,9,1,0
BRDA:176,10,0,0
BRDA:176,10,1,0
BRDA:176,11,0,0
BRDA:176,11,1,0
BRDA:182,12,0,0
BRDA:182,12,1,0
BRDA:265,13,0,0
BRDA:265,13,1,0
BRF:28
BRH:0
end_of_record
TN:
SF:app\(tabs)\yearbooks.tsx
FN:25,YearbooksScreen
FN:37,(anonymous_1)
FN:57,(anonymous_2)
FN:62,(anonymous_3)
FN:67,(anonymous_4)
FN:71,(anonymous_5)
FNF:6
FNH:0
FNDA:0,YearbooksScreen
FNDA:0,(anonymous_1)
FNDA:0,(anonymous_2)
FNDA:0,(anonymous_3)
FNDA:0,(anonymous_4)
FNDA:0,(anonymous_5)
DA:26,0
DA:35,0
DA:38,0
DA:51,0
DA:52,0
DA:57,0
DA:58,0
DA:59,0
DA:62,0
DA:63,0
DA:64,0
DA:67,0
DA:68,0
DA:71,0
DA:105,0
DA:161,0
LF:16
LH:0
BRDA:51,0,0,0
BRDA:51,0,1,0
BRDA:52,1,0,0
BRDA:52,1,1,0
BRDA:75,2,0,0
BRDA:75,2,1,0
BRDA:127,3,0,0
BRDA:127,3,1,0
BRDA:127,3,2,0
BRDA:133,4,0,0
BRDA:133,4,1,0
BRDA:141,5,0,0
BRDA:141,5,1,0
BRDA:141,5,2,0
BRDA:151,6,0,0
BRDA:151,6,1,0
BRDA:151,6,2,0
BRF:17
BRH:0
end_of_record
TN:
SF:app\yearbook\[id].tsx
FN:12,(anonymous_0)
FN:17,YearbookLoading
FN:26,YearbookDetailScreen
FN:38,(anonymous_3)
FNF:4
FNH:0
FNDA:0,(anonymous_0)
FNDA:0,YearbookLoading
FNDA:0,YearbookDetailScreen
FNDA:0,(anonymous_3)
DA:12,0
DA:13,0
DA:18,0
DA:27,0
DA:29,0
DA:30,0
DA:33,0
DA:40,0
LF:8
LH:0
BRDA:29,0,0,0
BRDA:29,0,1,0
BRF:2
BRH:0
end_of_record
TN:
SF:components\external-link.tsx
FN:7,ExternalLink
FN:13,(anonymous_1)
FNF:2
FNH:0
FNDA:0,ExternalLink
FNDA:0,(anonymous_1)
DA:8,0
DA:14,0
DA:16,0
DA:18,0
LF:4
LH:0
BRDA:14,0,0,0
BRDA:14,0,1,0
BRF:2
BRH:0
end_of_record
TN:
SF:components\haptic-tab.tsx
FN:5,HapticTab
FN:9,(anonymous_1)
FNF:2
FNH:0
FNDA:0,HapticTab
FNDA:0,(anonymous_1)
DA:6,0
DA:10,0
DA:12,0
DA:14,0
LF:4
LH:0
BRDA:10,0,0,0
BRDA:10,0,1,0
BRF:2
BRH:0
end_of_record
TN:
SF:components\hello-wave.tsx
FN:3,HelloWave
FNF:1
FNH:0
FNDA:0,HelloWave
DA:4,0
LF:1
LH:0
BRF:0
BRH:0
end_of_record
TN:
SF:components\parallax-scroll-view.tsx
FN:21,ParallaxScrollView
FN:30,(anonymous_1)
FNF:2
FNH:0
FNDA:0,ParallaxScrollView
FNDA:0,(anonymous_1)
DA:14,0
DA:26,0
DA:27,0
DA:28,0
DA:29,0
DA:30,0
DA:31,0
DA:47,0
DA:65,0
LF:9
LH:0
BRDA:27,0,0,0
BRDA:27,0,1,0
BRF:2
BRH:0
end_of_record
TN:
SF:components\themed-text.tsx
FN:11,ThemedText
FNF:1
FNH:0
FNDA:0,ThemedText
DA:18,0
DA:20,0
DA:36,0
LF:3
LH:0
BRDA:15,0,0,0
BRDA:24,1,0,0
BRDA:24,1,1,0
BRDA:25,2,0,0
BRDA:25,2,1,0
BRDA:26,3,0,0
BRDA:26,3,1,0
BRDA:27,4,0,0
BRDA:27,4,1,0
BRDA:28,5,0,0
BRDA:28,5,1,0
BRF:11
BRH:0
end_of_record
TN:
SF:components\themed-view.tsx
FN:10,ThemedView
FNF:1
FNH:0
FNDA:0,ThemedView
DA:11,0
DA:13,0
LF:2
LH:0
BRF:0
BRH:0
end_of_record
TN:
SF:components\auth\AuthProvider.tsx
FN:23,useAuth
FN:35,AuthProvider
FN:40,(anonymous_2)
FN:42,(anonymous_3)
FN:55,(anonymous_4)
FN:70,(anonymous_5)
FN:73,(anonymous_6)
FN:86,(anonymous_7)
FN:99,(anonymous_8)
FN:109,(anonymous_9)
FNF:10
FNH:10
FNDA:52,useAuth
FNDA:52,AuthProvider
FNDA:28,(anonymous_2)
FNDA:28,(anonymous_3)
FNDA:12,(anonymous_4)
FNDA:28,(anonymous_5)
FNDA:6,(anonymous_6)
FNDA:4,(anonymous_7)
FNDA:3,(anonymous_8)
FNDA:3,(anonymous_9)
DA:21,1
DA:24,52
DA:25,52
DA:26,2
DA:28,50
DA:36,52
DA:37,52
DA:38,52
DA:40,52
DA:42,28
DA:43,28
DA:44,1
DA:46,27
DA:47,27
DA:49,28
DA:55,28
DA:56,12
DA:57,12
DA:59,12
DA:61,8
DA:64,4
DA:67,11
DA:70,28
DA:73,52
DA:74,6
DA:75,6
DA:76,6
DA:80,6
DA:82,6
DA:86,52
DA:87,4
DA:88,4
DA:89,4
DA:93,4
DA:95,4
DA:99,52
DA:100,3
DA:101,3
DA:102,3
DA:103,3
DA:105,3
DA:109,52
DA:110,3
DA:113,3
DA:116,52
DA:126,52
LF:46
LH:46
BRDA:25,0,0,2
BRDA:25,0,1,50
BRDA:43,1,0,1
BRDA:43,1,1,27
BRDA:47,2,0,27
BRDA:47,2,1,26
BRDA:57,3,0,12
BRDA:57,3,1,4
BRDA:59,4,0,8
BRDA:59,4,1,4
BRF:10
BRH:10
end_of_record
TN:
SF:components\notifications\NotificationProvider.tsx
FN:13,(anonymous_0)
FN:31,useNotifications
FN:43,registerForPushNotificationsAsync
FN:86,NotificationProvider
FN:90,(anonymous_4)
FN:93,(anonymous_5)
FN:100,(anonymous_6)
FN:105,(anonymous_7)
FN:110,(anonymous_8)
FN:123,(anonymous_9)
FN:129,(anonymous_10)
FN:139,(anonymous_11)
FNF:12
FNH:0
FNDA:0,(anonymous_0)
FNDA:0,useNotifications
FNDA:0,registerForPushNotificationsAsync
FNDA:0,NotificationProvider
FNDA:0,(anonymous_4)
FNDA:0,(anonymous_5)
FNDA:0,(anonymous_6)
FNDA:0,(anonymous_7)
FNDA:0,(anonymous_8)
FNDA:0,(anonymous_9)
FNDA:0,(anonymous_10)
FNDA:0,(anonymous_11)
DA:12,0
DA:13,0
DA:29,0
DA:32,0
DA:33,0
DA:34,0
DA:36,0
DA:46,0
DA:47,0
DA:55,0
DA:56,0
DA:57,0
DA:59,0
DA:60,0
DA:61,0
DA:64,0
DA:65,0
DA:66,0
DA:69,0
DA:70,0
DA:76,0
DA:77,0
DA:80,0
DA:83,0
DA:87,0
DA:88,0
DA:90,0
DA:92,0
DA:94,0
DA:95,0
DA:96,0
DA:101,0
DA:105,0
DA:106,0
DA:110,0
DA:111,0
DA:114,0
DA:116,0
DA:118,0
DA:123,0
DA:124,0
DA:125,0
DA:129,0
DA:130,0
DA:131,0
DA:132,0
DA:135,0
DA:136,0
DA:139,0
DA:140,0
DA:151,0
DA:158,0
LF:52
LH:0
BRDA:33,0,0,0
BRDA:33,0,1,0
BRDA:46,1,0,0
BRDA:46,1,1,0
BRDA:55,2,0,0
BRDA:55,2,1,0
BRDA:59,3,0,0
BRDA:59,3,1,0
BRDA:64,4,0,0
BRDA:64,4,1,0
BRDA:94,5,0,0
BRDA:94,5,1,0
BRDA:95,6,0,0
BRDA:95,6,1,0
BRDA:114,7,0,0
BRDA:114,7,1,0
BRDA:116,8,0,0
BRDA:116,8,1,0
BRDA:118,9,0,0
BRDA:118,9,1,0
BRDA:130,10,0,0
BRDA:130,10,1,0
BRDA:144,11,0,0
BRDA:144,11,1,0
BRF:24
BRH:0
end_of_record
TN:
SF:components\ui\collapsible.tsx
FN:10,Collapsible
FN:18,(anonymous_1)
FN:18,(anonymous_2)
FNF:3
FNH:0
FNDA:0,Collapsible
FNDA:0,(anonymous_1)
FNDA:0,(anonymous_2)
DA:11,0
DA:12,0
DA:14,0
DA:18,0
DA:35,0
LF:5
LH:0
BRDA:12,0,0,0
BRDA:12,0,1,0
BRDA:24,1,0,0
BRDA:24,1,1,0
BRDA:25,2,0,0
BRDA:25,2,1,0
BRDA:30,3,0,0
BRDA:30,3,1,0
BRF:8
BRH:0
end_of_record
TN:
SF:components\ui\icon-symbol.ios.tsx
FN:4,IconSymbol
FNF:1
FNH:0
FNDA:0,IconSymbol
DA:17,0
LF:1
LH:0
BRDA:6,0,0,0
BRDA:9,1,0,0
BRF:2
BRH:0
end_of_record
TN:
SF:components\ui\icon-symbol.tsx
FN:28,IconSymbol
FNF:1
FNH:0
FNDA:0,IconSymbol
DA:16,0
DA:40,0
LF:2
LH:0
BRDA:30,0,0,0
BRF:1
BRH:0
end_of_record
TN:
SF:components\yearbook\TouchYearbookReader.tsx
FN:87,TouchYearbookReader
FN:121,(anonymous_1)
FN:136,(anonymous_2)
FN:141,(anonymous_3)
FN:154,(anonymous_4)
FN:174,(anonymous_5)
FN:180,(anonymous_6)
FN:202,(anonymous_7)
FN:214,(anonymous_8)
FN:218,(anonymous_9)
FN:232,(anonymous_10)
FN:242,(anonymous_11)
FN:278,(anonymous_12)
FN:285,(anonymous_13)
FN:298,(anonymous_14)
FN:308,(anonymous_15)
FN:318,(anonymous_16)
FN:325,(anonymous_17)
FNF:18
FNH:0
FNDA:0,TouchYearbookReader
FNDA:0,(anonymous_1)
FNDA:0,(anonymous_2)
FNDA:0,(anonymous_3)
FNDA:0,(anonymous_4)
FNDA:0,(anonymous_5)
FNDA:0,(anonymous_6)
FNDA:0,(anonymous_7)
FNDA:0,(anonymous_8)
FNDA:0,(anonymous_9)
FNDA:0,(anonymous_10)
FNDA:0,(anonymous_11)
FNDA:0,(anonymous_12)
FNDA:0,(anonymous_13)
FNDA:0,(anonymous_14)
FNDA:0,(anonymous_15)
FNDA:0,(anonymous_16)
FNDA:0,(anonymous_17)
DA:57,0
DA:60,0
DA:61,0
DA:62,0
DA:63,0
DA:68,0
DA:93,0
DA:96,0
DA:97,0
DA:98,0
DA:101,0
DA:102,0
DA:103,0
DA:104,0
DA:105,0
DA:108,0
DA:109,0
DA:110,0
DA:113,0
DA:114,0
DA:115,0
DA:116,0
DA:119,0
DA:122,0
DA:128,0
DA:129,0
DA:136,0
DA:141,0
DA:143,0
DA:144,0
DA:145,0
DA:146,0
DA:147,0
DA:148,0
DA:154,0
DA:156,0
DA:157,0
DA:159,0
DA:160,0
DA:162,0
DA:173,0
DA:175,0
DA:176,0
DA:177,0
DA:178,0
DA:182,0
DA:183,0
DA:186,0
DA:187,0
DA:189,0
DA:191,0
DA:196,0
DA:203,0
DA:204,0
DA:205,0
DA:206,0
DA:213,0
DA:215,0
DA:216,0
DA:219,0
DA:221,0
DA:226,0
DA:233,0
DA:234,0
DA:241,0
DA:243,0
DA:245,0
DA:247,0
DA:250,0
DA:251,0
DA:254,0
DA:255,0
DA:257,0
DA:258,0
DA:262,0
DA:267,0
DA:268,0
DA:269,0
DA:277,0
DA:279,0
DA:285,0
DA:286,0
DA:298,0
DA:299,0
DA:301,0
DA:302,0
DA:303,0
DA:304,0
DA:305,0
DA:308,0
DA:309,0
DA:311,0
DA:312,0
DA:313,0
DA:314,0
DA:315,0
DA:318,0
DA:319,0
DA:320,0
DA:321,0
DA:325,0
DA:326,0
DA:327,0
DA:328,0
DA:336,0
DA:337,0
DA:348,0
DA:349,0
DA:364,0
DA:486,0
LF:110
LH:0
BRDA:89,0,0,0
BRDA:128,1,0,0
BRDA:128,1,1,0
BRDA:129,2,0,0
BRDA:129,2,1,0
BRDA:245,3,0,0
BRDA:245,3,1,0
BRDA:299,4,0,0
BRDA:299,4,1,0
BRDA:299,5,0,0
BRDA:299,5,1,0
BRDA:309,6,0,0
BRDA:309,6,1,0
BRDA:326,7,0,0
BRDA:326,7,1,0
BRDA:336,8,0,0
BRDA:336,8,1,0
BRDA:348,9,0,0
BRDA:348,9,1,0
BRDA:348,10,0,0
BRDA:348,10,1,0
BRDA:348,10,2,0
BRDA:354,11,0,0
BRDA:354,11,1,0
BRDA:415,12,0,0
BRDA:415,12,1,0
BRDA:448,13,0,0
BRDA:448,13,1,0
BRDA:457,14,0,0
BRDA:457,14,1,0
BRDA:466,15,0,0
BRDA:466,15,1,0
BRDA:475,16,0,0
BRDA:475,16,1,0
BRDA:593,17,0,0
BRDA:593,17,1,0
BRF:36
BRH:0
end_of_record
TN:
SF:hooks\use-color-scheme.ts
FNF:0
FNH:0
LF:0
LH:0
BRF:0
BRH:0
end_of_record
TN:
SF:hooks\use-color-scheme.web.ts
FN:7,useColorScheme
FN:10,(anonymous_1)
FNF:2
FNH:0
FNDA:0,useColorScheme
FNDA:0,(anonymous_1)
DA:8,0
DA:10,0
DA:11,0
DA:14,0
DA:16,0
DA:17,0
DA:20,0
LF:7
LH:0
BRDA:16,0,0,0
BRDA:16,0,1,0
BRF:2
BRH:0
end_of_record
TN:
SF:hooks\use-theme-color.ts
FN:9,useThemeColor
FNF:1
FNH:0
FNDA:0,useThemeColor
DA:13,0
DA:14,0
DA:16,0
DA:17,0
DA:19,0
LF:5
LH:0
BRDA:13,0,0,0
BRDA:13,0,1,0
BRDA:16,1,0,0
BRDA:16,1,1,0
BRF:4
BRH:0
end_of_record
TN:
SF:lib\react-query.ts
FN:19,(anonymous_0)
FN:27,(anonymous_1)
FN:47,(anonymous_2)
FN:51,(anonymous_3)
FN:52,(anonymous_4)
FN:65,(anonymous_5)
FN:73,(anonymous_6)
FN:80,(anonymous_7)
FN:93,(anonymous_8)
FN:94,(anonymous_9)
FN:97,(anonymous_10)
FN:98,(anonymous_11)
FN:99,(anonymous_12)
FN:102,(anonymous_13)
FN:103,(anonymous_14)
FN:104,(anonymous_15)
FN:107,(anonymous_16)
FN:108,(anonymous_17)
FN:109,(anonymous_18)
FN:112,(anonymous_19)
FN:113,(anonymous_20)
FN:114,(anonymous_21)
FN:117,(anonymous_22)
FN:118,(anonymous_23)
FN:121,(anonymous_24)
FN:122,(anonymous_25)
FN:125,(anonymous_26)
FN:126,(anonymous_27)
FN:136,(anonymous_28)
FN:162,(anonymous_29)
FN:164,(anonymous_30)
FN:174,(anonymous_31)
FNF:32
FNH:32
FNDA:9,(anonymous_0)
FNDA:7,(anonymous_1)
FNDA:2,(anonymous_2)
FNDA:2,(anonymous_3)
FNDA:1,(anonymous_4)
FNDA:1,(anonymous_5)
FNDA:7,(anonymous_6)
FNDA:1,(anonymous_7)
FNDA:1,(anonymous_8)
FNDA:7,(anonymous_9)
FNDA:1,(anonymous_10)
FNDA:1,(anonymous_11)
FNDA:1,(anonymous_12)
FNDA:7,(anonymous_13)
FNDA:1,(anonymous_14)
FNDA:1,(anonymous_15)
FNDA:5,(anonymous_16)
FNDA:1,(anonymous_17)
FNDA:1,(anonymous_18)
FNDA:1,(anonymous_19)
FNDA:1,(anonymous_20)
FNDA:1,(anonymous_21)
FNDA:3,(anonymous_22)
FNDA:1,(anonymous_23)
FNDA:1,(anonymous_24)
FNDA:1,(anonymous_25)
FNDA:1,(anonymous_26)
FNDA:1,(anonymous_27)
FNDA:3,(anonymous_28)
FNDA:2,(anonymous_29)
FNDA:11,(anonymous_30)
FNDA:1,(anonymous_31)
DA:13,1
DA:21,9
DA:22,3
DA:25,6
DA:27,7
DA:48,2
DA:52,2
DA:54,1
DA:55,0
DA:59,2
DA:62,2
DA:66,1
DA:71,1
DA:73,1
DA:74,7
DA:75,2
DA:77,7
DA:80,1
DA:81,1
DA:82,1
DA:83,1
DA:91,1
DA:93,1
DA:94,7
DA:97,1
DA:98,1
DA:99,1
DA:102,7
DA:103,1
DA:104,1
DA:107,5
DA:108,1
DA:109,1
DA:112,1
DA:113,1
DA:114,1
DA:117,3
DA:118,1
DA:121,1
DA:122,1
DA:125,1
DA:126,1
DA:132,1
DA:137,3
DA:152,3
DA:153,3
DA:155,0
DA:163,2
DA:165,11
DA:166,11
DA:175,1
DA:176,1
DA:177,1
LF:53
LH:51
BRDA:21,0,0,3
BRDA:21,0,1,6
BRDA:21,1,0,9
BRDA:21,1,1,7
BRDA:54,2,0,0
BRDA:54,2,1,1
BRDA:74,3,0,2
BRDA:74,3,1,5
BRDA:81,4,0,1
BRDA:81,4,1,0
BRF:10
BRH:8
end_of_record
TN:
SF:lib\supabase.ts
FN:22,(anonymous_0)
FN:41,(anonymous_1)
FN:61,(anonymous_2)
FNF:3
FNH:0
FNDA:0,(anonymous_0)
FNDA:0,(anonymous_1)
FNDA:0,(anonymous_2)
DA:12,0
DA:13,0
DA:20,0
DA:23,0
DA:24,0
DA:26,0
DA:30,0
DA:31,0
DA:34,0
DA:36,0
DA:37,0
DA:42,0
DA:43,0
DA:45,0
DA:46,0
DA:50,0
DA:51,0
DA:54,0
DA:57,0
DA:62,0
DA:63,0
DA:65,0
DA:66,0
DA:70,0
DA:71,0
DA:73,0
DA:76,0
DA:84,0
LF:28
LH:0
BRDA:24,0,0,0
BRDA:24,0,1,0
BRDA:30,1,0,0
BRDA:30,1,1,0
BRDA:30,2,0,0
BRDA:30,2,1,0
BRDA:43,3,0,0
BRDA:43,3,1,0
BRDA:50,4,0,0
BRDA:50,4,1,0
BRDA:50,5,0,0
BRDA:50,5,1,0
BRDA:63,6,0,0
BRDA:63,6,1,0
BRDA:70,7,0,0
BRDA:70,7,1,0
BRDA:70,8,0,0
BRDA:70,8,1,0
BRF:18
BRH:0
end_of_record
TN:
SF:services\DeepLinkingService.ts
FN:54,(anonymous_0)
FN:80,(anonymous_1)
FN:90,(anonymous_2)
FN:115,(anonymous_3)
FN:139,(anonymous_4)
FN:158,(anonymous_5)
FN:227,(anonymous_6)
FN:235,(anonymous_7)
FN:247,(anonymous_8)
FN:285,(anonymous_9)
FN:296,(anonymous_10)
FN:334,(anonymous_11)
FN:345,(anonymous_12)
FN:392,(anonymous_13)
FN:408,(anonymous_14)
FN:424,(anonymous_15)
FN:440,(anonymous_16)
FN:456,(anonymous_17)
FNF:18
FNH:12
FNDA:8,(anonymous_0)
FNDA:3,(anonymous_1)
FNDA:0,(anonymous_2)
FNDA:0,(anonymous_3)
FNDA:0,(anonymous_4)
FNDA:0,(anonymous_5)
FNDA:0,(anonymous_6)
FNDA:0,(anonymous_7)
FNDA:12,(anonymous_8)
FNDA:8,(anonymous_9)
FNDA:9,(anonymous_10)
FNDA:2,(anonymous_11)
FNDA:9,(anonymous_12)
FNDA:2,(anonymous_13)
FNDA:1,(anonymous_14)
FNDA:1,(anonymous_15)
FNDA:1,(anonymous_16)
FNDA:3,(anonymous_17)
DA:14,1
DA:48,1
DA:49,1
DA:55,8
DA:57,1
DA:59,1
DA:60,1
DA:61,0
DA:62,0
DA:66,1
DA:68,1
DA:69,1
DA:71,1
DA:73,0
DA:81,3
DA:82,0
DA:83,0
DA:90,1
DA:91,0
DA:92,0
DA:93,0
DA:95,0
DA:96,0
DA:97,0
DA:98,0
DA:101,0
DA:103,0
DA:104,0
DA:116,0
DA:117,0
DA:119,0
DA:120,0
DA:123,0
DA:131,0
DA:132,0
DA:140,0
DA:142,0
DA:143,0
DA:144,0
DA:145,0
DA:146,0
DA:148,0
DA:152,0
DA:159,0
DA:162,0
DA:163,0
DA:164,0
DA:165,0
DA:166,0
DA:170,0
DA:171,0
DA:172,0
DA:173,0
DA:174,0
DA:178,0
DA:179,0
DA:180,0
DA:181,0
DA:182,0
DA:186,0
DA:187,0
DA:188,0
DA:190,0
DA:191,0
DA:195,0
DA:196,0
DA:197,0
DA:201,0
DA:202,0
DA:203,0
DA:207,0
DA:208,0
DA:209,0
DA:213,0
DA:214,0
DA:216,0
DA:217,0
DA:221,0
DA:228,0
DA:237,0
DA:248,12
DA:249,12
DA:251,12
DA:253,4
DA:254,4
DA:256,2
DA:257,2
DA:259,2
DA:260,2
DA:262,0
DA:263,0
DA:265,0
DA:266,0
DA:268,0
DA:269,0
DA:271,0
DA:272,0
DA:274,4
DA:275,4
DA:277,0
DA:280,12
DA:283,12
DA:284,4
DA:285,8
DA:287,4
DA:290,12
DA:297,9
DA:298,9
DA:300,9
DA:302,3
DA:303,3
DA:305,2
DA:306,2
DA:308,2
DA:309,2
DA:311,0
DA:312,0
DA:314,0
DA:315,0
DA:317,0
DA:318,0
DA:320,0
DA:321,0
DA:323,2
DA:324,2
DA:326,0
DA:329,9
DA:332,9
DA:333,2
DA:334,2
DA:336,2
DA:339,9
DA:346,9
DA:347,9
DA:349,9
DA:350,6
DA:351,6
DA:352,5
DA:356,4
DA:361,4
DA:362,3
DA:363,2
DA:368,2
DA:371,1
DA:372,1
DA:373,1
DA:377,1
DA:379,1
DA:380,1
DA:385,1
DA:393,2
DA:394,2
DA:396,2
DA:402,2
DA:409,1
DA:410,1
DA:412,1
DA:418,1
DA:425,1
DA:426,1
DA:428,1
DA:434,1
DA:441,1
DA:442,1
DA:444,1
DA:450,1
DA:457,3
DA:458,3
DA:459,2
DA:460,1
DA:461,1
DA:463,1
DA:468,1
DA:471,1
DA:472,1
DA:478,1
LF:176
LH:91
BRDA:55,0,0,7
BRDA:55,0,1,1
BRDA:60,1,0,0
BRDA:60,1,1,1
BRDA:81,2,0,0
BRDA:81,2,1,3
BRDA:96,3,0,0
BRDA:96,3,1,0
BRDA:119,4,0,0
BRDA:119,4,1,0
BRDA:119,5,0,0
BRDA:119,5,1,0
BRDA:126,6,0,0
BRDA:126,6,1,0
BRDA:128,7,0,0
BRDA:128,7,1,0
BRDA:143,8,0,0
BRDA:143,8,1,0
BRDA:144,9,0,0
BRDA:144,9,1,0
BRDA:145,10,0,0
BRDA:145,10,1,0
BRDA:163,11,0,0
BRDA:163,11,1,0
BRDA:171,12,0,0
BRDA:171,12,1,0
BRDA:179,13,0,0
BRDA:179,13,1,0
BRDA:187,14,0,0
BRDA:187,14,1,0
BRDA:195,15,0,0
BRDA:195,15,1,0
BRDA:201,16,0,0
BRDA:201,16,1,0
BRDA:207,17,0,0
BRDA:207,17,1,0
BRDA:214,18,0,0
BRDA:214,18,1,0
BRDA:214,19,0,0
BRDA:214,19,1,0
BRDA:251,20,0,4
BRDA:251,20,1,2
BRDA:251,20,2,2
BRDA:251,20,3,0
BRDA:251,20,4,0
BRDA:251,20,5,0
BRDA:251,20,6,0
BRDA:251,20,7,4
BRDA:251,20,8,0
BRDA:283,21,0,4
BRDA:283,21,1,8
BRDA:283,22,0,12
BRDA:283,22,1,4
BRDA:300,23,0,3
BRDA:300,23,1,2
BRDA:300,23,2,2
BRDA:300,23,3,0
BRDA:300,23,4,0
BRDA:300,23,5,0
BRDA:300,23,6,0
BRDA:300,23,7,2
BRDA:300,23,8,0
BRDA:332,24,0,2
BRDA:332,24,1,7
BRDA:332,25,0,9
BRDA:332,25,1,2
BRDA:349,26,0,6
BRDA:349,26,1,3
BRDA:349,27,0,9
BRDA:349,27,1,3
BRDA:351,28,0,5
BRDA:351,28,1,1
BRDA:361,29,0,3
BRDA:361,29,1,1
BRDA:362,30,0,2
BRDA:362,30,1,1
BRDA:399,31,0,1
BRDA:399,31,1,1
BRDA:415,32,0,0
BRDA:415,32,1,1
BRDA:431,33,0,0
BRDA:431,33,1,1
BRDA:447,34,0,0
BRDA:447,34,1,1
BRDA:459,35,0,1
BRDA:459,35,1,1
BRF:86
BRH:37
end_of_record
